{"C:\\Users\\info\\.gemini\\antigravity\\scratch\\smart-stadium-wc2026\\js\\ai-engine.js": {"path":"C:\\Users\\info\\.gemini\\antigravity\\scratch\\smart-stadium-wc2026\\js\\ai-engine.js","statementMap":{"0":{"start":{"line":28,"column":17},"end":{"line":818,"column":4}},"1":{"start":{"line":39,"column":18},"end":{"line":63,"column":3}},"2":{"start":{"line":69,"column":25},"end":{"line":80,"column":3}},"3":{"start":{"line":87,"column":19},"end":{"line":185,"column":3}},"4":{"start":{"line":197,"column":25},"end":{"line":197,"column":91}},"5":{"start":{"line":198,"column":25},"end":{"line":198,"column":56}},"6":{"start":{"line":199,"column":25},"end":{"line":199,"column":79}},"7":{"start":{"line":200,"column":4},"end":{"line":204,"column":6}},"8":{"start":{"line":213,"column":15},"end":{"line":213,"column":33}},"9":{"start":{"line":214,"column":4},"end":{"line":214,"column":75}},"10":{"start":{"line":214,"column":57},"end":{"line":214,"column":75}},"11":{"start":{"line":215,"column":4},"end":{"line":215,"column":60}},"12":{"start":{"line":215,"column":46},"end":{"line":215,"column":60}},"13":{"start":{"line":216,"column":4},"end":{"line":216,"column":63}},"14":{"start":{"line":216,"column":46},"end":{"line":216,"column":63}},"15":{"start":{"line":217,"column":4},"end":{"line":217,"column":53}},"16":{"start":{"line":217,"column":39},"end":{"line":217,"column":53}},"17":{"start":{"line":218,"column":4},"end":{"line":218,"column":52}},"18":{"start":{"line":218,"column":34},"end":{"line":218,"column":52}},"19":{"start":{"line":219,"column":4},"end":{"line":219,"column":42}},"20":{"start":{"line":219,"column":29},"end":{"line":219,"column":42}},"21":{"start":{"line":220,"column":4},"end":{"line":220,"column":45}},"22":{"start":{"line":220,"column":28},"end":{"line":220,"column":45}},"23":{"start":{"line":221,"column":4},"end":{"line":221,"column":16}},"24":{"start":{"line":232,"column":20},"end":{"line":442,"column":3}},"25":{"start":{"line":236,"column":6},"end":{"line":236,"column":464}},"26":{"start":{"line":241,"column":6},"end":{"line":241,"column":447}},"27":{"start":{"line":246,"column":6},"end":{"line":246,"column":556}},"28":{"start":{"line":251,"column":6},"end":{"line":251,"column":550}},"29":{"start":{"line":256,"column":6},"end":{"line":256,"column":525}},"30":{"start":{"line":261,"column":24},"end":{"line":265,"column":7}},"31":{"start":{"line":266,"column":6},"end":{"line":266,"column":39}},"32":{"start":{"line":270,"column":6},"end":{"line":274,"column":9}},"33":{"start":{"line":279,"column":19},"end":{"line":279,"column":40}},"34":{"start":{"line":280,"column":6},"end":{"line":288,"column":7}},"35":{"start":{"line":281,"column":8},"end":{"line":287,"column":84}},"36":{"start":{"line":289,"column":6},"end":{"line":289,"column":383}},"37":{"start":{"line":293,"column":23},"end":{"line":293,"column":44}},"38":{"start":{"line":294,"column":32},"end":{"line":302,"column":7}},"39":{"start":{"line":303,"column":6},"end":{"line":303,"column":86}},"40":{"start":{"line":303,"column":51},"end":{"line":303,"column":86}},"41":{"start":{"line":304,"column":6},"end":{"line":304,"column":354}},"42":{"start":{"line":308,"column":17},"end":{"line":308,"column":35}},"43":{"start":{"line":309,"column":6},"end":{"line":311,"column":7}},"44":{"start":{"line":310,"column":8},"end":{"line":310,"column":440}},"45":{"start":{"line":312,"column":6},"end":{"line":314,"column":7}},"46":{"start":{"line":313,"column":8},"end":{"line":313,"column":405}},"47":{"start":{"line":315,"column":6},"end":{"line":317,"column":7}},"48":{"start":{"line":316,"column":8},"end":{"line":316,"column":402}},"49":{"start":{"line":318,"column":6},"end":{"line":318,"column":521}},"50":{"start":{"line":322,"column":17},"end":{"line":322,"column":35}},"51":{"start":{"line":323,"column":6},"end":{"line":325,"column":7}},"52":{"start":{"line":324,"column":8},"end":{"line":324,"column":486}},"53":{"start":{"line":326,"column":6},"end":{"line":328,"column":7}},"54":{"start":{"line":327,"column":8},"end":{"line":327,"column":459}},"55":{"start":{"line":329,"column":6},"end":{"line":331,"column":7}},"56":{"start":{"line":330,"column":8},"end":{"line":330,"column":434}},"57":{"start":{"line":332,"column":6},"end":{"line":332,"column":229}},"58":{"start":{"line":332,"column":119},"end":{"line":332,"column":127}},"59":{"start":{"line":336,"column":23},"end":{"line":336,"column":82}},"60":{"start":{"line":336,"column":46},"end":{"line":336,"column":69}},"61":{"start":{"line":337,"column":24},"end":{"line":337,"column":82}},"62":{"start":{"line":337,"column":47},"end":{"line":337,"column":71}},"63":{"start":{"line":338,"column":21},"end":{"line":338,"column":70}},"64":{"start":{"line":340,"column":6},"end":{"line":346,"column":7}},"65":{"start":{"line":341,"column":8},"end":{"line":341,"column":44}},"66":{"start":{"line":342,"column":8},"end":{"line":344,"column":11}},"67":{"start":{"line":343,"column":10},"end":{"line":343,"column":139}},"68":{"start":{"line":345,"column":8},"end":{"line":345,"column":25}},"69":{"start":{"line":348,"column":6},"end":{"line":348,"column":44}},"70":{"start":{"line":349,"column":6},"end":{"line":351,"column":9}},"71":{"start":{"line":350,"column":8},"end":{"line":350,"column":182}},"72":{"start":{"line":353,"column":6},"end":{"line":353,"column":163}},"73":{"start":{"line":354,"column":6},"end":{"line":354,"column":22}},"74":{"start":{"line":359,"column":6},"end":{"line":359,"column":663}},"75":{"start":{"line":364,"column":6},"end":{"line":364,"column":504}},"76":{"start":{"line":369,"column":6},"end":{"line":369,"column":504}},"77":{"start":{"line":374,"column":6},"end":{"line":374,"column":666}},"78":{"start":{"line":378,"column":6},"end":{"line":378,"column":479}},"79":{"start":{"line":382,"column":6},"end":{"line":384,"column":7}},"80":{"start":{"line":383,"column":8},"end":{"line":383,"column":482}},"81":{"start":{"line":385,"column":6},"end":{"line":385,"column":546}},"82":{"start":{"line":389,"column":23},"end":{"line":393,"column":7}},"83":{"start":{"line":394,"column":16},"end":{"line":394,"column":40}},"84":{"start":{"line":395,"column":6},"end":{"line":395,"column":395}},"85":{"start":{"line":395,"column":138},"end":{"line":395,"column":146}},"86":{"start":{"line":399,"column":6},"end":{"line":399,"column":619}},"87":{"start":{"line":403,"column":25},"end":{"line":403,"column":57}},"88":{"start":{"line":404,"column":21},"end":{"line":404,"column":66}},"89":{"start":{"line":405,"column":6},"end":{"line":407,"column":9}},"90":{"start":{"line":406,"column":8},"end":{"line":406,"column":120}},"91":{"start":{"line":408,"column":6},"end":{"line":408,"column":109}},"92":{"start":{"line":409,"column":6},"end":{"line":409,"column":22}},"93":{"start":{"line":413,"column":17},"end":{"line":413,"column":35}},"94":{"start":{"line":414,"column":24},"end":{"line":422,"column":7}},"95":{"start":{"line":424,"column":20},"end":{"line":424,"column":68}},"96":{"start":{"line":424,"column":53},"end":{"line":424,"column":67}},"97":{"start":{"line":425,"column":6},"end":{"line":430,"column":7}},"98":{"start":{"line":426,"column":18},"end":{"line":426,"column":67}},"99":{"start":{"line":426,"column":40},"end":{"line":426,"column":66}},"100":{"start":{"line":427,"column":8},"end":{"line":429,"column":9}},"101":{"start":{"line":428,"column":10},"end":{"line":428,"column":351}},"102":{"start":{"line":431,"column":6},"end":{"line":431,"column":270}},"103":{"start":{"line":431,"column":87},"end":{"line":431,"column":164}},"104":{"start":{"line":435,"column":24},"end":{"line":439,"column":7}},"105":{"start":{"line":440,"column":6},"end":{"line":440,"column":39}},"106":{"start":{"line":455,"column":4},"end":{"line":459,"column":5}},"107":{"start":{"line":456,"column":6},"end":{"line":458,"column":7}},"108":{"start":{"line":457,"column":8},"end":{"line":457,"column":46}},"109":{"start":{"line":457,"column":32},"end":{"line":457,"column":46}},"110":{"start":{"line":460,"column":4},"end":{"line":460,"column":27}},"111":{"start":{"line":469,"column":4},"end":{"line":469,"column":72}},"112":{"start":{"line":469,"column":36},"end":{"line":469,"column":62}},"113":{"start":{"line":485,"column":4},"end":{"line":574,"column":6}},"114":{"start":{"line":592,"column":4},"end":{"line":594,"column":5}},"115":{"start":{"line":593,"column":6},"end":{"line":593,"column":76}},"116":{"start":{"line":595,"column":18},"end":{"line":595,"column":47}},"117":{"start":{"line":596,"column":4},"end":{"line":596,"column":26}},"118":{"start":{"line":596,"column":16},"end":{"line":596,"column":26}},"119":{"start":{"line":599,"column":19},"end":{"line":599,"column":58}},"120":{"start":{"line":600,"column":4},"end":{"line":606,"column":5}},"121":{"start":{"line":601,"column":6},"end":{"line":605,"column":7}},"122":{"start":{"line":602,"column":8},"end":{"line":602,"column":59}},"123":{"start":{"line":604,"column":8},"end":{"line":604,"column":97}},"124":{"start":{"line":609,"column":4},"end":{"line":609,"column":39}},"125":{"start":{"line":619,"column":19},"end":{"line":619,"column":40}},"126":{"start":{"line":620,"column":18},"end":{"line":620,"column":38}},"127":{"start":{"line":621,"column":4},"end":{"line":625,"column":5}},"128":{"start":{"line":622,"column":6},"end":{"line":622,"column":105}},"129":{"start":{"line":624,"column":6},"end":{"line":624,"column":103}},"130":{"start":{"line":627,"column":22},"end":{"line":627,"column":69}},"131":{"start":{"line":628,"column":4},"end":{"line":633,"column":5}},"132":{"start":{"line":629,"column":6},"end":{"line":629,"column":39}},"133":{"start":{"line":631,"column":6},"end":{"line":631,"column":69}},"134":{"start":{"line":632,"column":6},"end":{"line":632,"column":56}},"135":{"start":{"line":644,"column":21},"end":{"line":644,"column":125}},"136":{"start":{"line":645,"column":19},"end":{"line":645,"column":40}},"137":{"start":{"line":646,"column":18},"end":{"line":646,"column":38}},"138":{"start":{"line":647,"column":25},"end":{"line":649,"column":85}},"139":{"start":{"line":651,"column":26},"end":{"line":655,"column":59}},"140":{"start":{"line":657,"column":21},"end":{"line":664,"column":6}},"141":{"start":{"line":666,"column":4},"end":{"line":666,"column":71}},"142":{"start":{"line":666,"column":22},"end":{"line":666,"column":71}},"143":{"start":{"line":667,"column":17},"end":{"line":667,"column":38}},"144":{"start":{"line":668,"column":4},"end":{"line":668,"column":90}},"145":{"start":{"line":675,"column":20},"end":{"line":675,"column":24}},"146":{"start":{"line":676,"column":25},"end":{"line":676,"column":30}},"147":{"start":{"line":677,"column":18},"end":{"line":677,"column":40}},"148":{"start":{"line":687,"column":30},"end":{"line":687,"column":88}},"149":{"start":{"line":688,"column":4},"end":{"line":691,"column":5}},"150":{"start":{"line":689,"column":6},"end":{"line":689,"column":74}},"151":{"start":{"line":690,"column":6},"end":{"line":690,"column":19}},"152":{"start":{"line":693,"column":4},"end":{"line":693,"column":42}},"153":{"start":{"line":693,"column":26},"end":{"line":693,"column":42}},"154":{"start":{"line":695,"column":4},"end":{"line":695,"column":42}},"155":{"start":{"line":696,"column":4},"end":{"line":696,"column":44}},"156":{"start":{"line":697,"column":4},"end":{"line":697,"column":35}},"157":{"start":{"line":698,"column":4},"end":{"line":698,"column":39}},"158":{"start":{"line":699,"column":4},"end":{"line":699,"column":36}},"159":{"start":{"line":701,"column":4},"end":{"line":707,"column":6}},"160":{"start":{"line":702,"column":25},"end":{"line":702,"column":62}},"161":{"start":{"line":703,"column":6},"end":{"line":706,"column":7}},"162":{"start":{"line":704,"column":8},"end":{"line":704,"column":31}},"163":{"start":{"line":705,"column":8},"end":{"line":705,"column":60}},"164":{"start":{"line":709,"column":4},"end":{"line":718,"column":6}},"165":{"start":{"line":710,"column":23},"end":{"line":715,"column":7}},"166":{"start":{"line":716,"column":6},"end":{"line":716,"column":64}},"167":{"start":{"line":717,"column":6},"end":{"line":717,"column":31}},"168":{"start":{"line":720,"column":4},"end":{"line":723,"column":6}},"169":{"start":{"line":721,"column":6},"end":{"line":721,"column":31}},"170":{"start":{"line":722,"column":6},"end":{"line":722,"column":16}},"171":{"start":{"line":725,"column":4},"end":{"line":734,"column":5}},"172":{"start":{"line":726,"column":6},"end":{"line":726,"column":26}},"173":{"start":{"line":727,"column":6},"end":{"line":727,"column":30}},"174":{"start":{"line":728,"column":6},"end":{"line":728,"column":59}},"175":{"start":{"line":729,"column":6},"end":{"line":729,"column":18}},"176":{"start":{"line":731,"column":6},"end":{"line":731,"column":61}},"177":{"start":{"line":732,"column":6},"end":{"line":732,"column":54}},"178":{"start":{"line":733,"column":6},"end":{"line":733,"column":19}},"179":{"start":{"line":741,"column":4},"end":{"line":744,"column":5}},"180":{"start":{"line":742,"column":6},"end":{"line":742,"column":25}},"181":{"start":{"line":743,"column":6},"end":{"line":743,"column":31}},"182":{"start":{"line":753,"column":4},"end":{"line":753,"column":27}},"183":{"start":{"line":753,"column":20},"end":{"line":753,"column":27}},"184":{"start":{"line":754,"column":4},"end":{"line":754,"column":23}},"185":{"start":{"line":757,"column":18},"end":{"line":757,"column":119}},"186":{"start":{"line":759,"column":18},"end":{"line":759,"column":53}},"187":{"start":{"line":760,"column":4},"end":{"line":760,"column":38}},"188":{"start":{"line":761,"column":4},"end":{"line":761,"column":22}},"189":{"start":{"line":762,"column":4},"end":{"line":762,"column":22}},"190":{"start":{"line":763,"column":4},"end":{"line":763,"column":23}},"191":{"start":{"line":766,"column":19},"end":{"line":766,"column":40}},"192":{"start":{"line":767,"column":21},"end":{"line":767,"column":35}},"193":{"start":{"line":768,"column":25},"end":{"line":768,"column":100}},"194":{"start":{"line":768,"column":42},"end":{"line":768,"column":99}},"195":{"start":{"line":769,"column":4},"end":{"line":769,"column":49}},"196":{"start":{"line":769,"column":22},"end":{"line":769,"column":49}},"197":{"start":{"line":771,"column":4},"end":{"line":771,"column":34}},"198":{"start":{"line":771,"column":24},"end":{"line":771,"column":33}},"199":{"start":{"line":772,"column":4},"end":{"line":772,"column":74}},"200":{"start":{"line":772,"column":27},"end":{"line":772,"column":73}},"201":{"start":{"line":774,"column":4},"end":{"line":774,"column":27}},"202":{"start":{"line":781,"column":4},"end":{"line":781,"column":24}},"203":{"start":{"line":789,"column":4},"end":{"line":789,"column":74}},"204":{"start":{"line":797,"column":4},"end":{"line":797,"column":36}},"205":{"start":{"line":803,"column":2},"end":{"line":817,"column":4}},"206":{"start":{"line":814,"column":23},"end":{"line":814,"column":39}},"207":{"start":{"line":820,"column":0},"end":{"line":820,"column":79}},"208":{"start":{"line":820,"column":53},"end":{"line":820,"column":79}}},"fnMap":{"0":{"name":"(anonymous_0)","decl":{"start":{"line":28,"column":18},"end":{"line":28,"column":19}},"loc":{"start":{"line":28,"column":24},"end":{"line":818,"column":1}},"line":28},"1":{"name":"extractSeatInfo","decl":{"start":{"line":196,"column":11},"end":{"line":196,"column":26}},"loc":{"start":{"line":196,"column":33},"end":{"line":205,"column":3}},"line":196},"2":{"name":"extractFacility","decl":{"start":{"line":212,"column":11},"end":{"line":212,"column":26}},"loc":{"start":{"line":212,"column":33},"end":{"line":222,"column":3}},"line":212},"3":{"name":"(anonymous_3)","decl":{"start":{"line":235,"column":30},"end":{"line":235,"column":31}},"loc":{"start":{"line":235,"column":36},"end":{"line":237,"column":5}},"line":235},"4":{"name":"(anonymous_4)","decl":{"start":{"line":240,"column":21},"end":{"line":240,"column":22}},"loc":{"start":{"line":240,"column":27},"end":{"line":242,"column":5}},"line":240},"5":{"name":"(anonymous_5)","decl":{"start":{"line":245,"column":25},"end":{"line":245,"column":26}},"loc":{"start":{"line":245,"column":31},"end":{"line":247,"column":5}},"line":245},"6":{"name":"(anonymous_6)","decl":{"start":{"line":250,"column":24},"end":{"line":250,"column":25}},"loc":{"start":{"line":250,"column":30},"end":{"line":252,"column":5}},"line":250},"7":{"name":"(anonymous_7)","decl":{"start":{"line":255,"column":21},"end":{"line":255,"column":22}},"loc":{"start":{"line":255,"column":27},"end":{"line":257,"column":5}},"line":255},"8":{"name":"(anonymous_8)","decl":{"start":{"line":260,"column":24},"end":{"line":260,"column":25}},"loc":{"start":{"line":260,"column":30},"end":{"line":267,"column":5}},"line":260},"9":{"name":"(anonymous_9)","decl":{"start":{"line":269,"column":22},"end":{"line":269,"column":23}},"loc":{"start":{"line":269,"column":28},"end":{"line":275,"column":5}},"line":269},"10":{"name":"(anonymous_10)","decl":{"start":{"line":278,"column":23},"end":{"line":278,"column":24}},"loc":{"start":{"line":278,"column":33},"end":{"line":290,"column":5}},"line":278},"11":{"name":"(anonymous_11)","decl":{"start":{"line":292,"column":26},"end":{"line":292,"column":27}},"loc":{"start":{"line":292,"column":36},"end":{"line":305,"column":5}},"line":292},"12":{"name":"(anonymous_12)","decl":{"start":{"line":307,"column":20},"end":{"line":307,"column":21}},"loc":{"start":{"line":307,"column":30},"end":{"line":319,"column":5}},"line":307},"13":{"name":"(anonymous_13)","decl":{"start":{"line":321,"column":21},"end":{"line":321,"column":22}},"loc":{"start":{"line":321,"column":31},"end":{"line":333,"column":5}},"line":321},"14":{"name":"(anonymous_14)","decl":{"start":{"line":332,"column":114},"end":{"line":332,"column":115}},"loc":{"start":{"line":332,"column":119},"end":{"line":332,"column":127}},"line":332},"15":{"name":"(anonymous_15)","decl":{"start":{"line":335,"column":24},"end":{"line":335,"column":25}},"loc":{"start":{"line":335,"column":34},"end":{"line":355,"column":5}},"line":335},"16":{"name":"(anonymous_16)","decl":{"start":{"line":336,"column":41},"end":{"line":336,"column":42}},"loc":{"start":{"line":336,"column":46},"end":{"line":336,"column":69}},"line":336},"17":{"name":"(anonymous_17)","decl":{"start":{"line":337,"column":42},"end":{"line":337,"column":43}},"loc":{"start":{"line":337,"column":47},"end":{"line":337,"column":71}},"line":337},"18":{"name":"(anonymous_18)","decl":{"start":{"line":342,"column":26},"end":{"line":342,"column":27}},"loc":{"start":{"line":342,"column":31},"end":{"line":344,"column":9}},"line":342},"19":{"name":"(anonymous_19)","decl":{"start":{"line":349,"column":23},"end":{"line":349,"column":24}},"loc":{"start":{"line":349,"column":28},"end":{"line":351,"column":7}},"line":349},"20":{"name":"(anonymous_20)","decl":{"start":{"line":358,"column":25},"end":{"line":358,"column":26}},"loc":{"start":{"line":358,"column":31},"end":{"line":360,"column":5}},"line":358},"21":{"name":"(anonymous_21)","decl":{"start":{"line":363,"column":25},"end":{"line":363,"column":26}},"loc":{"start":{"line":363,"column":31},"end":{"line":365,"column":5}},"line":363},"22":{"name":"(anonymous_22)","decl":{"start":{"line":368,"column":23},"end":{"line":368,"column":24}},"loc":{"start":{"line":368,"column":29},"end":{"line":370,"column":5}},"line":368},"23":{"name":"(anonymous_23)","decl":{"start":{"line":373,"column":29},"end":{"line":373,"column":30}},"loc":{"start":{"line":373,"column":35},"end":{"line":375,"column":5}},"line":373},"24":{"name":"(anonymous_24)","decl":{"start":{"line":377,"column":20},"end":{"line":377,"column":21}},"loc":{"start":{"line":377,"column":26},"end":{"line":379,"column":5}},"line":377},"25":{"name":"(anonymous_25)","decl":{"start":{"line":381,"column":20},"end":{"line":381,"column":21}},"loc":{"start":{"line":381,"column":30},"end":{"line":386,"column":5}},"line":381},"26":{"name":"(anonymous_26)","decl":{"start":{"line":388,"column":23},"end":{"line":388,"column":24}},"loc":{"start":{"line":388,"column":29},"end":{"line":396,"column":5}},"line":388},"27":{"name":"(anonymous_27)","decl":{"start":{"line":395,"column":133},"end":{"line":395,"column":134}},"loc":{"start":{"line":395,"column":138},"end":{"line":395,"column":146}},"line":395},"28":{"name":"(anonymous_28)","decl":{"start":{"line":398,"column":23},"end":{"line":398,"column":24}},"loc":{"start":{"line":398,"column":29},"end":{"line":400,"column":5}},"line":398},"29":{"name":"(anonymous_29)","decl":{"start":{"line":402,"column":23},"end":{"line":402,"column":24}},"loc":{"start":{"line":402,"column":29},"end":{"line":410,"column":5}},"line":402},"30":{"name":"(anonymous_30)","decl":{"start":{"line":405,"column":25},"end":{"line":405,"column":26}},"loc":{"start":{"line":405,"column":30},"end":{"line":407,"column":7}},"line":405},"31":{"name":"(anonymous_31)","decl":{"start":{"line":412,"column":23},"end":{"line":412,"column":24}},"loc":{"start":{"line":412,"column":33},"end":{"line":432,"column":5}},"line":412},"32":{"name":"(anonymous_32)","decl":{"start":{"line":424,"column":48},"end":{"line":424,"column":49}},"loc":{"start":{"line":424,"column":53},"end":{"line":424,"column":67}},"line":424},"33":{"name":"(anonymous_33)","decl":{"start":{"line":426,"column":34},"end":{"line":426,"column":35}},"loc":{"start":{"line":426,"column":40},"end":{"line":426,"column":66}},"line":426},"34":{"name":"(anonymous_34)","decl":{"start":{"line":431,"column":82},"end":{"line":431,"column":83}},"loc":{"start":{"line":431,"column":87},"end":{"line":431,"column":164}},"line":431},"35":{"name":"(anonymous_35)","decl":{"start":{"line":434,"column":23},"end":{"line":434,"column":24}},"loc":{"start":{"line":434,"column":29},"end":{"line":441,"column":5}},"line":434},"36":{"name":"classifyIntent","decl":{"start":{"line":454,"column":11},"end":{"line":454,"column":25}},"loc":{"start":{"line":454,"column":32},"end":{"line":461,"column":3}},"line":454},"37":{"name":"resolveAgent","decl":{"start":{"line":468,"column":11},"end":{"line":468,"column":23}},"loc":{"start":{"line":468,"column":32},"end":{"line":470,"column":3}},"line":468},"38":{"name":"(anonymous_38)","decl":{"start":{"line":469,"column":31},"end":{"line":469,"column":32}},"loc":{"start":{"line":469,"column":36},"end":{"line":469,"column":62}},"line":469},"39":{"name":"generateDashboardInsights","decl":{"start":{"line":484,"column":11},"end":{"line":484,"column":36}},"loc":{"start":{"line":484,"column":39},"end":{"line":575,"column":3}},"line":484},"40":{"name":"respond","decl":{"start":{"line":590,"column":17},"end":{"line":590,"column":24}},"loc":{"start":{"line":590,"column":49},"end":{"line":610,"column":3}},"line":590},"41":{"name":"demoRespond","decl":{"start":{"line":618,"column":11},"end":{"line":618,"column":22}},"loc":{"start":{"line":618,"column":39},"end":{"line":634,"column":3}},"line":618},"42":{"name":"callGeminiAPI","decl":{"start":{"line":643,"column":17},"end":{"line":643,"column":30}},"loc":{"start":{"line":643,"column":55},"end":{"line":669,"column":3}},"line":643},"43":{"name":"startListening","decl":{"start":{"line":686,"column":11},"end":{"line":686,"column":25}},"loc":{"start":{"line":686,"column":52},"end":{"line":735,"column":3}},"line":686},"44":{"name":"(anonymous_44)","decl":{"start":{"line":701,"column":27},"end":{"line":701,"column":28}},"loc":{"start":{"line":701,"column":34},"end":{"line":707,"column":5}},"line":701},"45":{"name":"(anonymous_45)","decl":{"start":{"line":709,"column":26},"end":{"line":709,"column":27}},"loc":{"start":{"line":709,"column":33},"end":{"line":718,"column":5}},"line":709},"46":{"name":"(anonymous_46)","decl":{"start":{"line":720,"column":24},"end":{"line":720,"column":25}},"loc":{"start":{"line":720,"column":30},"end":{"line":723,"column":5}},"line":720},"47":{"name":"stopListening","decl":{"start":{"line":740,"column":11},"end":{"line":740,"column":24}},"loc":{"start":{"line":740,"column":27},"end":{"line":745,"column":3}},"line":740},"48":{"name":"speak","decl":{"start":{"line":752,"column":11},"end":{"line":752,"column":16}},"loc":{"start":{"line":752,"column":30},"end":{"line":775,"column":3}},"line":752},"49":{"name":"(anonymous_49)","decl":{"start":{"line":768,"column":37},"end":{"line":768,"column":38}},"loc":{"start":{"line":768,"column":42},"end":{"line":768,"column":99}},"line":768},"50":{"name":"(anonymous_50)","decl":{"start":{"line":771,"column":18},"end":{"line":771,"column":19}},"loc":{"start":{"line":771,"column":24},"end":{"line":771,"column":33}},"line":771},"51":{"name":"(anonymous_51)","decl":{"start":{"line":772,"column":20},"end":{"line":772,"column":21}},"loc":{"start":{"line":772,"column":27},"end":{"line":772,"column":73}},"line":772},"52":{"name":"stopSpeaking","decl":{"start":{"line":780,"column":11},"end":{"line":780,"column":23}},"loc":{"start":{"line":780,"column":26},"end":{"line":782,"column":3}},"line":780},"53":{"name":"isVoiceSupported","decl":{"start":{"line":788,"column":11},"end":{"line":788,"column":27}},"loc":{"start":{"line":788,"column":30},"end":{"line":790,"column":3}},"line":788},"54":{"name":"isTTSSupported","decl":{"start":{"line":796,"column":11},"end":{"line":796,"column":25}},"loc":{"start":{"line":796,"column":28},"end":{"line":798,"column":3}},"line":796},"55":{"name":"(anonymous_55)","decl":{"start":{"line":814,"column":17},"end":{"line":814,"column":18}},"loc":{"start":{"line":814,"column":23},"end":{"line":814,"column":39}},"line":814}},"branchMap":{"0":{"loc":{"start":{"line":197,"column":25},"end":{"line":197,"column":91}},"type":"binary-expr","locations":[{"start":{"line":197,"column":25},"end":{"line":197,"column":55}},{"start":{"line":197,"column":59},"end":{"line":197,"column":91}}],"line":197},"1":{"loc":{"start":{"line":199,"column":25},"end":{"line":199,"column":79}},"type":"binary-expr","locations":[{"start":{"line":199,"column":25},"end":{"line":199,"column":52}},{"start":{"line":199,"column":56},"end":{"line":199,"column":79}}],"line":199},"2":{"loc":{"start":{"line":201,"column":15},"end":{"line":201,"column":40}},"type":"binary-expr","locations":[{"start":{"line":201,"column":15},"end":{"line":201,"column":32}},{"start":{"line":201,"column":36},"end":{"line":201,"column":40}}],"line":201},"3":{"loc":{"start":{"line":202,"column":15},"end":{"line":202,"column":36}},"type":"binary-expr","locations":[{"start":{"line":202,"column":15},"end":{"line":202,"column":28}},{"start":{"line":202,"column":32},"end":{"line":202,"column":36}}],"line":202},"4":{"loc":{"start":{"line":203,"column":15},"end":{"line":203,"column":37}},"type":"binary-expr","locations":[{"start":{"line":203,"column":15},"end":{"line":203,"column":29}},{"start":{"line":203,"column":33},"end":{"line":203,"column":37}}],"line":203},"5":{"loc":{"start":{"line":214,"column":4},"end":{"line":214,"column":75}},"type":"if","locations":[{"start":{"line":214,"column":4},"end":{"line":214,"column":75}},{"start":{},"end":{}}],"line":214},"6":{"loc":{"start":{"line":215,"column":4},"end":{"line":215,"column":60}},"type":"if","locations":[{"start":{"line":215,"column":4},"end":{"line":215,"column":60}},{"start":{},"end":{}}],"line":215},"7":{"loc":{"start":{"line":216,"column":4},"end":{"line":216,"column":63}},"type":"if","locations":[{"start":{"line":216,"column":4},"end":{"line":216,"column":63}},{"start":{},"end":{}}],"line":216},"8":{"loc":{"start":{"line":217,"column":4},"end":{"line":217,"column":53}},"type":"if","locations":[{"start":{"line":217,"column":4},"end":{"line":217,"column":53}},{"start":{},"end":{}}],"line":217},"9":{"loc":{"start":{"line":218,"column":4},"end":{"line":218,"column":52}},"type":"if","locations":[{"start":{"line":218,"column":4},"end":{"line":218,"column":52}},{"start":{},"end":{}}],"line":218},"10":{"loc":{"start":{"line":219,"column":4},"end":{"line":219,"column":42}},"type":"if","locations":[{"start":{"line":219,"column":4},"end":{"line":219,"column":42}},{"start":{},"end":{}}],"line":219},"11":{"loc":{"start":{"line":220,"column":4},"end":{"line":220,"column":45}},"type":"if","locations":[{"start":{"line":220,"column":4},"end":{"line":220,"column":45}},{"start":{},"end":{}}],"line":220},"12":{"loc":{"start":{"line":280,"column":6},"end":{"line":288,"column":7}},"type":"if","locations":[{"start":{"line":280,"column":6},"end":{"line":288,"column":7}},{"start":{},"end":{}}],"line":280},"13":{"loc":{"start":{"line":281,"column":57},"end":{"line":281,"column":92}},"type":"cond-expr","locations":[{"start":{"line":281,"column":68},"end":{"line":281,"column":87}},{"start":{"line":281,"column":90},"end":{"line":281,"column":92}}],"line":281},"14":{"loc":{"start":{"line":281,"column":95},"end":{"line":281,"column":133}},"type":"cond-expr","locations":[{"start":{"line":281,"column":107},"end":{"line":281,"column":128}},{"start":{"line":281,"column":131},"end":{"line":281,"column":133}}],"line":281},"15":{"loc":{"start":{"line":283,"column":37},"end":{"line":283,"column":109}},"type":"cond-expr","locations":[{"start":{"line":283,"column":58},"end":{"line":283,"column":66}},{"start":{"line":283,"column":69},"end":{"line":283,"column":109}}],"line":283},"16":{"loc":{"start":{"line":283,"column":69},"end":{"line":283,"column":109}},"type":"cond-expr","locations":[{"start":{"line":283,"column":90},"end":{"line":283,"column":98}},{"start":{"line":283,"column":101},"end":{"line":283,"column":109}}],"line":283},"17":{"loc":{"start":{"line":284,"column":93},"end":{"line":284,"column":162}},"type":"cond-expr","locations":[{"start":{"line":284,"column":114},"end":{"line":284,"column":120}},{"start":{"line":284,"column":123},"end":{"line":284,"column":162}}],"line":284},"18":{"loc":{"start":{"line":284,"column":123},"end":{"line":284,"column":162}},"type":"cond-expr","locations":[{"start":{"line":284,"column":144},"end":{"line":284,"column":151}},{"start":{"line":284,"column":154},"end":{"line":284,"column":162}}],"line":284},"19":{"loc":{"start":{"line":286,"column":31},"end":{"line":286,"column":50}},"type":"binary-expr","locations":[{"start":{"line":286,"column":31},"end":{"line":286,"column":39}},{"start":{"line":286,"column":43},"end":{"line":286,"column":50}}],"line":286},"20":{"loc":{"start":{"line":303,"column":6},"end":{"line":303,"column":86}},"type":"if","locations":[{"start":{"line":303,"column":6},"end":{"line":303,"column":86}},{"start":{},"end":{}}],"line":303},"21":{"loc":{"start":{"line":303,"column":10},"end":{"line":303,"column":49}},"type":"binary-expr","locations":[{"start":{"line":303,"column":10},"end":{"line":303,"column":18}},{"start":{"line":303,"column":22},"end":{"line":303,"column":49}}],"line":303},"22":{"loc":{"start":{"line":309,"column":6},"end":{"line":311,"column":7}},"type":"if","locations":[{"start":{"line":309,"column":6},"end":{"line":311,"column":7}},{"start":{},"end":{}}],"line":309},"23":{"loc":{"start":{"line":312,"column":6},"end":{"line":314,"column":7}},"type":"if","locations":[{"start":{"line":312,"column":6},"end":{"line":314,"column":7}},{"start":{},"end":{}}],"line":312},"24":{"loc":{"start":{"line":315,"column":6},"end":{"line":317,"column":7}},"type":"if","locations":[{"start":{"line":315,"column":6},"end":{"line":317,"column":7}},{"start":{},"end":{}}],"line":315},"25":{"loc":{"start":{"line":323,"column":6},"end":{"line":325,"column":7}},"type":"if","locations":[{"start":{"line":323,"column":6},"end":{"line":325,"column":7}},{"start":{},"end":{}}],"line":323},"26":{"loc":{"start":{"line":326,"column":6},"end":{"line":328,"column":7}},"type":"if","locations":[{"start":{"line":326,"column":6},"end":{"line":328,"column":7}},{"start":{},"end":{}}],"line":326},"27":{"loc":{"start":{"line":329,"column":6},"end":{"line":331,"column":7}},"type":"if","locations":[{"start":{"line":329,"column":6},"end":{"line":331,"column":7}},{"start":{},"end":{}}],"line":329},"28":{"loc":{"start":{"line":340,"column":6},"end":{"line":346,"column":7}},"type":"if","locations":[{"start":{"line":340,"column":6},"end":{"line":346,"column":7}},{"start":{},"end":{}}],"line":340},"29":{"loc":{"start":{"line":382,"column":6},"end":{"line":384,"column":7}},"type":"if","locations":[{"start":{"line":382,"column":6},"end":{"line":384,"column":7}},{"start":{},"end":{}}],"line":382},"30":{"loc":{"start":{"line":425,"column":6},"end":{"line":430,"column":7}},"type":"if","locations":[{"start":{"line":425,"column":6},"end":{"line":430,"column":7}},{"start":{},"end":{}}],"line":425},"31":{"loc":{"start":{"line":427,"column":8},"end":{"line":429,"column":9}},"type":"if","locations":[{"start":{"line":427,"column":8},"end":{"line":429,"column":9}},{"start":{},"end":{}}],"line":427},"32":{"loc":{"start":{"line":457,"column":8},"end":{"line":457,"column":46}},"type":"if","locations":[{"start":{"line":457,"column":8},"end":{"line":457,"column":46}},{"start":{},"end":{}}],"line":457},"33":{"loc":{"start":{"line":469,"column":11},"end":{"line":469,"column":71}},"type":"binary-expr","locations":[{"start":{"line":469,"column":11},"end":{"line":469,"column":63}},{"start":{"line":469,"column":67},"end":{"line":469,"column":71}}],"line":469},"34":{"loc":{"start":{"line":590,"column":35},"end":{"line":590,"column":47}},"type":"default-arg","locations":[{"start":{"line":590,"column":45},"end":{"line":590,"column":47}}],"line":590},"35":{"loc":{"start":{"line":592,"column":4},"end":{"line":594,"column":5}},"type":"if","locations":[{"start":{"line":592,"column":4},"end":{"line":594,"column":5}},{"start":{},"end":{}}],"line":592},"36":{"loc":{"start":{"line":596,"column":4},"end":{"line":596,"column":26}},"type":"if","locations":[{"start":{"line":596,"column":4},"end":{"line":596,"column":26}},{"start":{},"end":{}}],"line":596},"37":{"loc":{"start":{"line":600,"column":4},"end":{"line":606,"column":5}},"type":"if","locations":[{"start":{"line":600,"column":4},"end":{"line":606,"column":5}},{"start":{},"end":{}}],"line":600},"38":{"loc":{"start":{"line":621,"column":4},"end":{"line":625,"column":5}},"type":"if","locations":[{"start":{"line":621,"column":4},"end":{"line":625,"column":5}},{"start":{"line":623,"column":11},"end":{"line":625,"column":5}}],"line":621},"39":{"loc":{"start":{"line":627,"column":22},"end":{"line":627,"column":69}},"type":"binary-expr","locations":[{"start":{"line":627,"column":22},"end":{"line":627,"column":39}},{"start":{"line":627,"column":43},"end":{"line":627,"column":69}}],"line":627},"40":{"loc":{"start":{"line":647,"column":25},"end":{"line":649,"column":85}},"type":"cond-expr","locations":[{"start":{"line":648,"column":8},"end":{"line":648,"column":124}},{"start":{"line":649,"column":8},"end":{"line":649,"column":85}}],"line":647},"41":{"loc":{"start":{"line":652,"column":44},"end":{"line":652,"column":90}},"type":"binary-expr","locations":[{"start":{"line":652,"column":44},"end":{"line":652,"column":59}},{"start":{"line":652,"column":63},"end":{"line":652,"column":90}}],"line":652},"42":{"loc":{"start":{"line":666,"column":4},"end":{"line":666,"column":71}},"type":"if","locations":[{"start":{"line":666,"column":4},"end":{"line":666,"column":71}},{"start":{},"end":{}}],"line":666},"43":{"loc":{"start":{"line":668,"column":11},"end":{"line":668,"column":89}},"type":"binary-expr","locations":[{"start":{"line":668,"column":11},"end":{"line":668,"column":58}},{"start":{"line":668,"column":62},"end":{"line":668,"column":89}}],"line":668},"44":{"loc":{"start":{"line":687,"column":30},"end":{"line":687,"column":88}},"type":"binary-expr","locations":[{"start":{"line":687,"column":30},"end":{"line":687,"column":54}},{"start":{"line":687,"column":58},"end":{"line":687,"column":88}}],"line":687},"45":{"loc":{"start":{"line":688,"column":4},"end":{"line":691,"column":5}},"type":"if","locations":[{"start":{"line":688,"column":4},"end":{"line":691,"column":5}},{"start":{},"end":{}}],"line":688},"46":{"loc":{"start":{"line":693,"column":4},"end":{"line":693,"column":42}},"type":"if","locations":[{"start":{"line":693,"column":4},"end":{"line":693,"column":42}},{"start":{},"end":{}}],"line":693},"47":{"loc":{"start":{"line":703,"column":6},"end":{"line":706,"column":7}},"type":"if","locations":[{"start":{"line":703,"column":6},"end":{"line":706,"column":7}},{"start":{},"end":{}}],"line":703},"48":{"loc":{"start":{"line":716,"column":16},"end":{"line":716,"column":62}},"type":"binary-expr","locations":[{"start":{"line":716,"column":16},"end":{"line":716,"column":33}},{"start":{"line":716,"column":37},"end":{"line":716,"column":62}}],"line":716},"49":{"loc":{"start":{"line":741,"column":4},"end":{"line":744,"column":5}},"type":"if","locations":[{"start":{"line":741,"column":4},"end":{"line":744,"column":5}},{"start":{},"end":{}}],"line":741},"50":{"loc":{"start":{"line":741,"column":8},"end":{"line":741,"column":39}},"type":"binary-expr","locations":[{"start":{"line":741,"column":8},"end":{"line":741,"column":19}},{"start":{"line":741,"column":23},"end":{"line":741,"column":39}}],"line":741},"51":{"loc":{"start":{"line":753,"column":4},"end":{"line":753,"column":27}},"type":"if","locations":[{"start":{"line":753,"column":4},"end":{"line":753,"column":27}},{"start":{},"end":{}}],"line":753},"52":{"loc":{"start":{"line":768,"column":42},"end":{"line":768,"column":99}},"type":"binary-expr","locations":[{"start":{"line":768,"column":42},"end":{"line":768,"column":69}},{"start":{"line":768,"column":73},"end":{"line":768,"column":99}}],"line":768},"53":{"loc":{"start":{"line":769,"column":4},"end":{"line":769,"column":49}},"type":"if","locations":[{"start":{"line":769,"column":4},"end":{"line":769,"column":49}},{"start":{},"end":{}}],"line":769},"54":{"loc":{"start":{"line":789,"column":14},"end":{"line":789,"column":72}},"type":"binary-expr","locations":[{"start":{"line":789,"column":14},"end":{"line":789,"column":38}},{"start":{"line":789,"column":42},"end":{"line":789,"column":72}}],"line":789},"55":{"loc":{"start":{"line":820,"column":0},"end":{"line":820,"column":79}},"type":"if","locations":[{"start":{"line":820,"column":0},"end":{"line":820,"column":79}},{"start":{},"end":{}}],"line":820},"56":{"loc":{"start":{"line":820,"column":4},"end":{"line":820,"column":51}},"type":"binary-expr","locations":[{"start":{"line":820,"column":4},"end":{"line":820,"column":33}},{"start":{"line":820,"column":37},"end":{"line":820,"column":51}}],"line":820}},"s":{"0":1,"1":1,"2":1,"3":1,"4":0,"5":0,"6":0,"7":0,"8":0,"9":0,"10":0,"11":0,"12":0,"13":0,"14":0,"15":0,"16":0,"17":0,"18":0,"19":0,"20":0,"21":0,"22":0,"23":0,"24":1,"25":1,"26":0,"27":0,"28":0,"29":1,"30":0,"31":0,"32":0,"33":0,"34":0,"35":0,"36":0,"37":0,"38":0,"39":0,"40":0,"41":0,"42":4,"43":4,"44":1,"45":3,"46":1,"47":2,"48":1,"49":1,"50":2,"51":2,"52":1,"53":1,"54":1,"55":0,"56":0,"57":0,"58":0,"59":1,"60":8,"61":1,"62":8,"63":1,"64":1,"65":1,"66":1,"67":2,"68":1,"69":1,"70":1,"71":3,"72":1,"73":1,"74":1,"75":1,"76":0,"77":1,"78":1,"79":2,"80":1,"81":1,"82":0,"83":0,"84":0,"85":0,"86":1,"87":0,"88":0,"89":0,"90":0,"91":0,"92":0,"93":0,"94":0,"95":0,"96":0,"97":0,"98":0,"99":0,"100":0,"101":0,"102":0,"103":0,"104":1,"105":1,"106":59,"107":591,"108":744,"109":56,"110":3,"111":23,"112":179,"113":1,"114":19,"115":1,"116":18,"117":18,"118":1,"119":17,"120":17,"121":0,"122":0,"123":0,"124":17,"125":17,"126":17,"127":17,"128":5,"129":12,"130":17,"131":17,"132":17,"133":0,"134":0,"135":0,"136":0,"137":0,"138":0,"139":0,"140":0,"141":0,"142":0,"143":0,"144":0,"145":1,"146":1,"147":1,"148":0,"149":0,"150":0,"151":0,"152":0,"153":0,"154":0,"155":0,"156":0,"157":0,"158":0,"159":0,"160":0,"161":0,"162":0,"163":0,"164":0,"165":0,"166":0,"167":0,"168":0,"169":0,"170":0,"171":0,"172":0,"173":0,"174":0,"175":0,"176":0,"177":0,"178":0,"179":0,"180":0,"181":0,"182":0,"183":0,"184":0,"185":0,"186":0,"187":0,"188":0,"189":0,"190":0,"191":0,"192":0,"193":0,"194":0,"195":0,"196":0,"197":0,"198":0,"199":0,"200":0,"201":0,"202":0,"203":1,"204":1,"205":1,"206":1,"207":1,"208":1},"f":{"0":1,"1":0,"2":0,"3":1,"4":0,"5":0,"6":0,"7":1,"8":0,"9":0,"10":0,"11":0,"12":4,"13":2,"14":0,"15":1,"16":8,"17":8,"18":2,"19":3,"20":1,"21":1,"22":0,"23":1,"24":1,"25":2,"26":0,"27":0,"28":1,"29":0,"30":0,"31":0,"32":0,"33":0,"34":0,"35":1,"36":59,"37":23,"38":179,"39":1,"40":19,"41":17,"42":0,"43":0,"44":0,"45":0,"46":0,"47":0,"48":0,"49":0,"50":0,"51":0,"52":0,"53":1,"54":1,"55":1},"b":{"0":[0,0],"1":[0,0],"2":[0,0],"3":[0,0],"4":[0,0],"5":[0,0],"6":[0,0],"7":[0,0],"8":[0,0],"9":[0,0],"10":[0,0],"11":[0,0],"12":[0,0],"13":[0,0],"14":[0,0],"15":[0,0],"16":[0,0],"17":[0,0],"18":[0,0],"19":[0,0],"20":[0,0],"21":[0,0],"22":[1,3],"23":[1,2],"24":[1,1],"25":[1,1],"26":[1,0],"27":[0,0],"28":[1,0],"29":[1,1],"30":[0,0],"31":[0,0],"32":[56,688],"33":[23,13],"34":[19],"35":[1,18],"36":[1,17],"37":[0,17],"38":[5,12],"39":[17,0],"40":[0,0],"41":[0,0],"42":[0,0],"43":[0,0],"44":[0,0],"45":[0,0],"46":[0,0],"47":[0,0],"48":[0,0],"49":[0,0],"50":[0,0],"51":[0,0],"52":[0,0],"53":[0,0],"54":[1,1],"55":[1,0],"56":[1,1]},"_coverageSchema":"1a1c01bbd47fc00a2c39e90264f33305004495a9","hash":"feec584eddf5b25020a136390314ce3838ea1ced"}
,"C:\\Users\\info\\.gemini\\antigravity\\scratch\\smart-stadium-wc2026\\js\\emergency.js": {"path":"C:\\Users\\info\\.gemini\\antigravity\\scratch\\smart-stadium-wc2026\\js\\emergency.js","statementMap":{"0":{"start":{"line":8,"column":18},"end":{"line":210,"column":4}},"1":{"start":{"line":14,"column":4},"end":{"line":14,"column":21}},"2":{"start":{"line":15,"column":4},"end":{"line":15,"column":25}},"3":{"start":{"line":22,"column":19},"end":{"line":22,"column":38}},"4":{"start":{"line":23,"column":4},"end":{"line":23,"column":24}},"5":{"start":{"line":23,"column":17},"end":{"line":23,"column":24}},"6":{"start":{"line":26,"column":20},"end":{"line":26,"column":25}},"7":{"start":{"line":27,"column":19},"end":{"line":27,"column":20}},"8":{"start":{"line":30,"column":15},"end":{"line":30,"column":57}},"9":{"start":{"line":31,"column":4},"end":{"line":38,"column":5}},"10":{"start":{"line":32,"column":6},"end":{"line":37,"column":9}},"11":{"start":{"line":40,"column":21},"end":{"line":40,"column":46}},"12":{"start":{"line":41,"column":4},"end":{"line":45,"column":5}},"13":{"start":{"line":42,"column":28},"end":{"line":42,"column":44}},"14":{"start":{"line":43,"column":6},"end":{"line":43,"column":75}},"15":{"start":{"line":44,"column":6},"end":{"line":44,"column":54}},"16":{"start":{"line":47,"column":23},"end":{"line":70,"column":5}},"17":{"start":{"line":48,"column":6},"end":{"line":48,"column":25}},"18":{"start":{"line":49,"column":6},"end":{"line":49,"column":28}},"19":{"start":{"line":49,"column":21},"end":{"line":49,"column":28}},"20":{"start":{"line":50,"column":6},"end":{"line":50,"column":23}},"21":{"start":{"line":51,"column":6},"end":{"line":51,"column":39}},"22":{"start":{"line":52,"column":6},"end":{"line":52,"column":19}},"23":{"start":{"line":54,"column":28},"end":{"line":54,"column":44}},"24":{"start":{"line":56,"column":6},"end":{"line":69,"column":14}},"25":{"start":{"line":57,"column":8},"end":{"line":57,"column":22}},"26":{"start":{"line":59,"column":8},"end":{"line":62,"column":9}},"27":{"start":{"line":60,"column":25},"end":{"line":60,"column":73}},"28":{"start":{"line":61,"column":10},"end":{"line":61,"column":51}},"29":{"start":{"line":64,"column":8},"end":{"line":68,"column":9}},"30":{"start":{"line":65,"column":10},"end":{"line":65,"column":36}},"31":{"start":{"line":66,"column":10},"end":{"line":66,"column":32}},"32":{"start":{"line":67,"column":10},"end":{"line":67,"column":24}},"33":{"start":{"line":72,"column":24},"end":{"line":80,"column":5}},"34":{"start":{"line":73,"column":6},"end":{"line":73,"column":24}},"35":{"start":{"line":74,"column":6},"end":{"line":74,"column":32}},"36":{"start":{"line":75,"column":6},"end":{"line":75,"column":42}},"37":{"start":{"line":76,"column":6},"end":{"line":76,"column":19}},"38":{"start":{"line":77,"column":6},"end":{"line":79,"column":7}},"39":{"start":{"line":78,"column":8},"end":{"line":78,"column":59}},"40":{"start":{"line":82,"column":4},"end":{"line":82,"column":53}},"41":{"start":{"line":83,"column":4},"end":{"line":83,"column":74}},"42":{"start":{"line":85,"column":4},"end":{"line":85,"column":54}},"43":{"start":{"line":86,"column":4},"end":{"line":86,"column":55}},"44":{"start":{"line":87,"column":4},"end":{"line":87,"column":58}},"45":{"start":{"line":88,"column":4},"end":{"line":88,"column":55}},"46":{"start":{"line":91,"column":6},"end":{"line":91,"column":20}},"47":{"start":{"line":92,"column":6},"end":{"line":92,"column":40}},"48":{"start":{"line":93,"column":6},"end":{"line":95,"column":15}},"49":{"start":{"line":94,"column":8},"end":{"line":94,"column":45}},"50":{"start":{"line":103,"column":4},"end":{"line":103,"column":90}},"51":{"start":{"line":106,"column":4},"end":{"line":108,"column":5}},"52":{"start":{"line":107,"column":6},"end":{"line":107,"column":51}},"53":{"start":{"line":111,"column":4},"end":{"line":113,"column":5}},"54":{"start":{"line":112,"column":6},"end":{"line":112,"column":52}},"55":{"start":{"line":116,"column":18},"end":{"line":116,"column":47}},"56":{"start":{"line":117,"column":4},"end":{"line":117,"column":34}},"57":{"start":{"line":118,"column":4},"end":{"line":124,"column":6}},"58":{"start":{"line":125,"column":4},"end":{"line":125,"column":37}},"59":{"start":{"line":127,"column":4},"end":{"line":129,"column":11}},"60":{"start":{"line":128,"column":6},"end":{"line":128,"column":34}},"61":{"start":{"line":131,"column":4},"end":{"line":134,"column":13}},"62":{"start":{"line":132,"column":6},"end":{"line":132,"column":37}},"63":{"start":{"line":133,"column":6},"end":{"line":133,"column":44}},"64":{"start":{"line":133,"column":23},"end":{"line":133,"column":37}},"65":{"start":{"line":141,"column":17},"end":{"line":141,"column":44}},"66":{"start":{"line":142,"column":4},"end":{"line":142,"column":22}},"67":{"start":{"line":142,"column":15},"end":{"line":142,"column":22}},"68":{"start":{"line":144,"column":4},"end":{"line":174,"column":7}},"69":{"start":{"line":145,"column":6},"end":{"line":145,"column":25}},"70":{"start":{"line":147,"column":19},"end":{"line":147,"column":45}},"71":{"start":{"line":148,"column":19},"end":{"line":148,"column":45}},"72":{"start":{"line":150,"column":6},"end":{"line":153,"column":7}},"73":{"start":{"line":151,"column":8},"end":{"line":151,"column":64}},"74":{"start":{"line":152,"column":8},"end":{"line":152,"column":15}},"75":{"start":{"line":156,"column":24},"end":{"line":156,"column":44}},"76":{"start":{"line":158,"column":24},"end":{"line":158,"column":67}},"77":{"start":{"line":159,"column":23},"end":{"line":159,"column":42}},"78":{"start":{"line":160,"column":6},"end":{"line":160,"column":80}},"79":{"start":{"line":161,"column":6},"end":{"line":161,"column":32}},"80":{"start":{"line":164,"column":6},"end":{"line":173,"column":15}},"81":{"start":{"line":165,"column":8},"end":{"line":165,"column":51}},"82":{"start":{"line":166,"column":8},"end":{"line":166,"column":130}},"83":{"start":{"line":168,"column":8},"end":{"line":172,"column":17}},"84":{"start":{"line":169,"column":10},"end":{"line":169,"column":23}},"85":{"start":{"line":170,"column":10},"end":{"line":170,"column":41}},"86":{"start":{"line":171,"column":10},"end":{"line":171,"column":37}},"87":{"start":{"line":182,"column":22},"end":{"line":182,"column":43}},"88":{"start":{"line":183,"column":4},"end":{"line":183,"column":27}},"89":{"start":{"line":183,"column":20},"end":{"line":183,"column":27}},"90":{"start":{"line":185,"column":15},"end":{"line":185,"column":102}},"91":{"start":{"line":186,"column":4},"end":{"line":200,"column":7}},"92":{"start":{"line":187,"column":6},"end":{"line":199,"column":8}},"93":{"start":{"line":201,"column":4},"end":{"line":201,"column":20}},"94":{"start":{"line":203,"column":4},"end":{"line":203,"column":31}},"95":{"start":{"line":206,"column":2},"end":{"line":209,"column":4}},"96":{"start":{"line":212,"column":0},"end":{"line":212,"column":80}},"97":{"start":{"line":212,"column":53},"end":{"line":212,"column":80}}},"fnMap":{"0":{"name":"(anonymous_0)","decl":{"start":{"line":8,"column":19},"end":{"line":8,"column":20}},"loc":{"start":{"line":8,"column":25},"end":{"line":210,"column":1}},"line":8},"1":{"name":"init","decl":{"start":{"line":13,"column":11},"end":{"line":13,"column":15}},"loc":{"start":{"line":13,"column":18},"end":{"line":16,"column":3}},"line":13},"2":{"name":"setupSOSButton","decl":{"start":{"line":21,"column":11},"end":{"line":21,"column":25}},"loc":{"start":{"line":21,"column":28},"end":{"line":97,"column":3}},"line":21},"3":{"name":"(anonymous_3)","decl":{"start":{"line":47,"column":23},"end":{"line":47,"column":24}},"loc":{"start":{"line":47,"column":30},"end":{"line":70,"column":5}},"line":47},"4":{"name":"(anonymous_4)","decl":{"start":{"line":56,"column":31},"end":{"line":56,"column":32}},"loc":{"start":{"line":56,"column":37},"end":{"line":69,"column":7}},"line":56},"5":{"name":"(anonymous_5)","decl":{"start":{"line":72,"column":24},"end":{"line":72,"column":25}},"loc":{"start":{"line":72,"column":30},"end":{"line":80,"column":5}},"line":72},"6":{"name":"resetSOSBtn","decl":{"start":{"line":90,"column":13},"end":{"line":90,"column":24}},"loc":{"start":{"line":90,"column":27},"end":{"line":96,"column":5}},"line":90},"7":{"name":"(anonymous_7)","decl":{"start":{"line":93,"column":17},"end":{"line":93,"column":18}},"loc":{"start":{"line":93,"column":23},"end":{"line":95,"column":7}},"line":93},"8":{"name":"triggerSOSEmergency","decl":{"start":{"line":102,"column":11},"end":{"line":102,"column":30}},"loc":{"start":{"line":102,"column":33},"end":{"line":135,"column":3}},"line":102},"9":{"name":"(anonymous_9)","decl":{"start":{"line":127,"column":15},"end":{"line":127,"column":16}},"loc":{"start":{"line":127,"column":21},"end":{"line":129,"column":5}},"line":127},"10":{"name":"(anonymous_10)","decl":{"start":{"line":131,"column":15},"end":{"line":131,"column":16}},"loc":{"start":{"line":131,"column":21},"end":{"line":134,"column":5}},"line":131},"11":{"name":"(anonymous_11)","decl":{"start":{"line":133,"column":17},"end":{"line":133,"column":18}},"loc":{"start":{"line":133,"column":23},"end":{"line":133,"column":37}},"line":133},"12":{"name":"setupLostFoundForm","decl":{"start":{"line":140,"column":11},"end":{"line":140,"column":29}},"loc":{"start":{"line":140,"column":32},"end":{"line":175,"column":3}},"line":140},"13":{"name":"(anonymous_13)","decl":{"start":{"line":144,"column":36},"end":{"line":144,"column":37}},"loc":{"start":{"line":144,"column":43},"end":{"line":174,"column":5}},"line":144},"14":{"name":"(anonymous_14)","decl":{"start":{"line":164,"column":17},"end":{"line":164,"column":18}},"loc":{"start":{"line":164,"column":23},"end":{"line":173,"column":7}},"line":164},"15":{"name":"(anonymous_15)","decl":{"start":{"line":168,"column":19},"end":{"line":168,"column":20}},"loc":{"start":{"line":168,"column":25},"end":{"line":172,"column":9}},"line":168},"16":{"name":"renderContacts","decl":{"start":{"line":181,"column":11},"end":{"line":181,"column":25}},"loc":{"start":{"line":181,"column":39},"end":{"line":204,"column":3}},"line":181},"17":{"name":"(anonymous_17)","decl":{"start":{"line":186,"column":34},"end":{"line":186,"column":35}},"loc":{"start":{"line":186,"column":45},"end":{"line":200,"column":5}},"line":186}},"branchMap":{"0":{"loc":{"start":{"line":23,"column":4},"end":{"line":23,"column":24}},"type":"if","locations":[{"start":{"line":23,"column":4},"end":{"line":23,"column":24}},{"start":{},"end":{}}],"line":23},"1":{"loc":{"start":{"line":31,"column":4},"end":{"line":38,"column":5}},"type":"if","locations":[{"start":{"line":31,"column":4},"end":{"line":38,"column":5}},{"start":{},"end":{}}],"line":31},"2":{"loc":{"start":{"line":41,"column":4},"end":{"line":45,"column":5}},"type":"if","locations":[{"start":{"line":41,"column":4},"end":{"line":45,"column":5}},{"start":{},"end":{}}],"line":41},"3":{"loc":{"start":{"line":49,"column":6},"end":{"line":49,"column":28}},"type":"if","locations":[{"start":{"line":49,"column":6},"end":{"line":49,"column":28}},{"start":{},"end":{}}],"line":49},"4":{"loc":{"start":{"line":59,"column":8},"end":{"line":62,"column":9}},"type":"if","locations":[{"start":{"line":59,"column":8},"end":{"line":62,"column":9}},{"start":{},"end":{}}],"line":59},"5":{"loc":{"start":{"line":64,"column":8},"end":{"line":68,"column":9}},"type":"if","locations":[{"start":{"line":64,"column":8},"end":{"line":68,"column":9}},{"start":{},"end":{}}],"line":64},"6":{"loc":{"start":{"line":77,"column":6},"end":{"line":79,"column":7}},"type":"if","locations":[{"start":{"line":77,"column":6},"end":{"line":79,"column":7}},{"start":{},"end":{}}],"line":77},"7":{"loc":{"start":{"line":106,"column":4},"end":{"line":108,"column":5}},"type":"if","locations":[{"start":{"line":106,"column":4},"end":{"line":108,"column":5}},{"start":{},"end":{}}],"line":106},"8":{"loc":{"start":{"line":111,"column":4},"end":{"line":113,"column":5}},"type":"if","locations":[{"start":{"line":111,"column":4},"end":{"line":113,"column":5}},{"start":{},"end":{}}],"line":111},"9":{"loc":{"start":{"line":142,"column":4},"end":{"line":142,"column":22}},"type":"if","locations":[{"start":{"line":142,"column":4},"end":{"line":142,"column":22}},{"start":{},"end":{}}],"line":142},"10":{"loc":{"start":{"line":150,"column":6},"end":{"line":153,"column":7}},"type":"if","locations":[{"start":{"line":150,"column":6},"end":{"line":153,"column":7}},{"start":{},"end":{}}],"line":150},"11":{"loc":{"start":{"line":150,"column":10},"end":{"line":150,"column":24}},"type":"binary-expr","locations":[{"start":{"line":150,"column":10},"end":{"line":150,"column":15}},{"start":{"line":150,"column":19},"end":{"line":150,"column":24}}],"line":150},"12":{"loc":{"start":{"line":183,"column":4},"end":{"line":183,"column":27}},"type":"if","locations":[{"start":{"line":183,"column":4},"end":{"line":183,"column":27}},{"start":{},"end":{}}],"line":183},"13":{"loc":{"start":{"line":212,"column":0},"end":{"line":212,"column":80}},"type":"if","locations":[{"start":{"line":212,"column":0},"end":{"line":212,"column":80}},{"start":{},"end":{}}],"line":212},"14":{"loc":{"start":{"line":212,"column":4},"end":{"line":212,"column":51}},"type":"binary-expr","locations":[{"start":{"line":212,"column":4},"end":{"line":212,"column":33}},{"start":{"line":212,"column":37},"end":{"line":212,"column":51}}],"line":212}},"s":{"0":1,"1":1,"2":1,"3":1,"4":1,"5":0,"6":1,"7":1,"8":1,"9":1,"10":1,"11":1,"12":1,"13":1,"14":1,"15":1,"16":1,"17":0,"18":0,"19":0,"20":0,"21":0,"22":0,"23":0,"24":0,"25":0,"26":0,"27":0,"28":0,"29":0,"30":0,"31":0,"32":0,"33":1,"34":0,"35":0,"36":0,"37":0,"38":0,"39":0,"40":1,"41":1,"42":1,"43":1,"44":1,"45":1,"46":0,"47":0,"48":0,"49":0,"50":0,"51":0,"52":0,"53":0,"54":0,"55":0,"56":0,"57":0,"58":0,"59":0,"60":0,"61":0,"62":0,"63":0,"64":0,"65":1,"66":1,"67":0,"68":1,"69":0,"70":0,"71":0,"72":0,"73":0,"74":0,"75":0,"76":0,"77":0,"78":0,"79":0,"80":0,"81":0,"82":0,"83":0,"84":0,"85":0,"86":0,"87":2,"88":2,"89":1,"90":1,"91":1,"92":8,"93":1,"94":1,"95":1,"96":1,"97":1},"f":{"0":1,"1":1,"2":1,"3":0,"4":0,"5":0,"6":0,"7":0,"8":0,"9":0,"10":0,"11":0,"12":1,"13":0,"14":0,"15":0,"16":2,"17":8},"b":{"0":[0,1],"1":[1,0],"2":[1,0],"3":[0,0],"4":[0,0],"5":[0,0],"6":[0,0],"7":[0,0],"8":[0,0],"9":[0,1],"10":[0,0],"11":[0,0],"12":[1,1],"13":[1,0],"14":[1,1]},"_coverageSchema":"1a1c01bbd47fc00a2c39e90264f33305004495a9","hash":"00e13229128ac9aa88055d8e5668ca764e74f235"}
,"C:\\Users\\info\\.gemini\\antigravity\\scratch\\smart-stadium-wc2026\\js\\heatmap.js": {"path":"C:\\Users\\info\\.gemini\\antigravity\\scratch\\smart-stadium-wc2026\\js\\heatmap.js","statementMap":{"0":{"start":{"line":8,"column":21},"end":{"line":421,"column":4}},"1":{"start":{"line":10,"column":15},"end":{"line":10,"column":19}},"2":{"start":{"line":11,"column":15},"end":{"line":11,"column":19}},"3":{"start":{"line":12,"column":18},"end":{"line":12,"column":22}},"4":{"start":{"line":13,"column":18},"end":{"line":13,"column":23}},"5":{"start":{"line":18,"column":16},"end":{"line":34,"column":3}},"6":{"start":{"line":37,"column":20},"end":{"line":37,"column":22}},"7":{"start":{"line":40,"column":19},"end":{"line":40,"column":21}},"8":{"start":{"line":50,"column":17},"end":{"line":50,"column":38}},"9":{"start":{"line":51,"column":23},"end":{"line":51,"column":27}},"10":{"start":{"line":52,"column":29},"end":{"line":52,"column":31}},"11":{"start":{"line":54,"column":4},"end":{"line":80,"column":7}},"12":{"start":{"line":55,"column":17},"end":{"line":55,"column":20}},"13":{"start":{"line":58,"column":6},"end":{"line":60,"column":7}},"14":{"start":{"line":59,"column":8},"end":{"line":59,"column":54}},"15":{"start":{"line":63,"column":6},"end":{"line":65,"column":7}},"16":{"start":{"line":64,"column":8},"end":{"line":64,"column":51}},"17":{"start":{"line":68,"column":6},"end":{"line":70,"column":7}},"18":{"start":{"line":69,"column":8},"end":{"line":69,"column":20}},"19":{"start":{"line":73,"column":6},"end":{"line":75,"column":7}},"20":{"start":{"line":74,"column":8},"end":{"line":74,"column":51}},"21":{"start":{"line":78,"column":6},"end":{"line":78,"column":43}},"22":{"start":{"line":79,"column":6},"end":{"line":79,"column":65}},"23":{"start":{"line":87,"column":4},"end":{"line":94,"column":7}},"24":{"start":{"line":88,"column":22},"end":{"line":88,"column":49}},"25":{"start":{"line":90,"column":21},"end":{"line":90,"column":77}},"26":{"start":{"line":91,"column":21},"end":{"line":91,"column":46}},"27":{"start":{"line":92,"column":21},"end":{"line":92,"column":49}},"28":{"start":{"line":93,"column":6},"end":{"line":93,"column":84}},"29":{"start":{"line":101,"column":4},"end":{"line":101,"column":20}},"30":{"start":{"line":102,"column":14},"end":{"line":102,"column":34}},"31":{"start":{"line":103,"column":14},"end":{"line":103,"column":35}},"32":{"start":{"line":104,"column":19},"end":{"line":104,"column":26}},"33":{"start":{"line":105,"column":19},"end":{"line":105,"column":26}},"34":{"start":{"line":107,"column":4},"end":{"line":119,"column":7}},"35":{"start":{"line":108,"column":22},"end":{"line":108,"column":47}},"36":{"start":{"line":109,"column":25},"end":{"line":109,"column":49}},"37":{"start":{"line":111,"column":6},"end":{"line":118,"column":7}},"38":{"start":{"line":111,"column":19},"end":{"line":111,"column":20}},"39":{"start":{"line":112,"column":8},"end":{"line":117,"column":11}},"40":{"start":{"line":131,"column":4},"end":{"line":131,"column":32}},"41":{"start":{"line":132,"column":4},"end":{"line":132,"column":95}},"42":{"start":{"line":132,"column":19},"end":{"line":132,"column":79}},"43":{"start":{"line":132,"column":80},"end":{"line":132,"column":93}},"44":{"start":{"line":136,"column":19},"end":{"line":136,"column":49}},"45":{"start":{"line":137,"column":6},"end":{"line":137,"column":67}},"46":{"start":{"line":138,"column":6},"end":{"line":138,"column":67}},"47":{"start":{"line":139,"column":6},"end":{"line":139,"column":36}},"48":{"start":{"line":140,"column":6},"end":{"line":140,"column":76}},"49":{"start":{"line":143,"column":4},"end":{"line":143,"column":19}},"50":{"start":{"line":144,"column":4},"end":{"line":144,"column":73}},"51":{"start":{"line":145,"column":4},"end":{"line":145,"column":34}},"52":{"start":{"line":146,"column":4},"end":{"line":146,"column":16}},"53":{"start":{"line":153,"column":4},"end":{"line":153,"column":32}},"54":{"start":{"line":153,"column":25},"end":{"line":153,"column":32}},"55":{"start":{"line":154,"column":14},"end":{"line":154,"column":59}},"56":{"start":{"line":155,"column":14},"end":{"line":155,"column":60}},"57":{"start":{"line":158,"column":4},"end":{"line":158,"column":30}},"58":{"start":{"line":161,"column":4},"end":{"line":161,"column":45}},"59":{"start":{"line":162,"column":4},"end":{"line":162,"column":29}},"60":{"start":{"line":165,"column":4},"end":{"line":199,"column":7}},"61":{"start":{"line":166,"column":23},"end":{"line":166,"column":85}},"62":{"start":{"line":170,"column":16},"end":{"line":170,"column":28}},"63":{"start":{"line":171,"column":6},"end":{"line":189,"column":7}},"64":{"start":{"line":173,"column":18},"end":{"line":173,"column":25}},"65":{"start":{"line":174,"column":8},"end":{"line":174,"column":44}},"66":{"start":{"line":175,"column":8},"end":{"line":175,"column":46}},"67":{"start":{"line":176,"column":8},"end":{"line":176,"column":36}},"68":{"start":{"line":177,"column":13},"end":{"line":189,"column":7}},"69":{"start":{"line":179,"column":18},"end":{"line":179,"column":34}},"70":{"start":{"line":180,"column":8},"end":{"line":180,"column":46}},"71":{"start":{"line":181,"column":8},"end":{"line":181,"column":37}},"72":{"start":{"line":182,"column":8},"end":{"line":182,"column":14}},"73":{"start":{"line":185,"column":18},"end":{"line":185,"column":35}},"74":{"start":{"line":186,"column":8},"end":{"line":186,"column":16}},"75":{"start":{"line":187,"column":8},"end":{"line":187,"column":36}},"76":{"start":{"line":188,"column":8},"end":{"line":188,"column":37}},"77":{"start":{"line":191,"column":6},"end":{"line":191,"column":79}},"78":{"start":{"line":192,"column":6},"end":{"line":192,"column":79}},"79":{"start":{"line":193,"column":6},"end":{"line":193,"column":59}},"80":{"start":{"line":195,"column":6},"end":{"line":195,"column":22}},"81":{"start":{"line":196,"column":6},"end":{"line":196,"column":53}},"82":{"start":{"line":197,"column":6},"end":{"line":197,"column":31}},"83":{"start":{"line":198,"column":6},"end":{"line":198,"column":17}},"84":{"start":{"line":202,"column":19},"end":{"line":202,"column":26}},"85":{"start":{"line":203,"column":19},"end":{"line":203,"column":26}},"86":{"start":{"line":205,"column":4},"end":{"line":223,"column":7}},"87":{"start":{"line":206,"column":22},"end":{"line":206,"column":47}},"88":{"start":{"line":207,"column":16},"end":{"line":207,"column":31}},"89":{"start":{"line":208,"column":16},"end":{"line":208,"column":31}},"90":{"start":{"line":209,"column":16},"end":{"line":209,"column":31}},"91":{"start":{"line":210,"column":16},"end":{"line":210,"column":31}},"92":{"start":{"line":211,"column":17},"end":{"line":211,"column":26}},"93":{"start":{"line":212,"column":17},"end":{"line":212,"column":26}},"94":{"start":{"line":215,"column":6},"end":{"line":215,"column":80}},"95":{"start":{"line":216,"column":6},"end":{"line":216,"column":31}},"96":{"start":{"line":217,"column":6},"end":{"line":217,"column":34}},"97":{"start":{"line":219,"column":20},"end":{"line":219,"column":44}},"98":{"start":{"line":220,"column":26},"end":{"line":220,"column":80}},"99":{"start":{"line":221,"column":6},"end":{"line":221,"column":41}},"100":{"start":{"line":222,"column":6},"end":{"line":222,"column":74}},"101":{"start":{"line":226,"column":4},"end":{"line":226,"column":28}},"102":{"start":{"line":227,"column":4},"end":{"line":227,"column":45}},"103":{"start":{"line":228,"column":4},"end":{"line":228,"column":27}},"104":{"start":{"line":229,"column":4},"end":{"line":229,"column":63}},"105":{"start":{"line":236,"column":4},"end":{"line":236,"column":26}},"106":{"start":{"line":236,"column":19},"end":{"line":236,"column":26}},"107":{"start":{"line":237,"column":4},"end":{"line":237,"column":21}},"108":{"start":{"line":239,"column":4},"end":{"line":239,"column":20}},"109":{"start":{"line":240,"column":4},"end":{"line":240,"column":25}},"110":{"start":{"line":242,"column":21},"end":{"line":242,"column":22}},"111":{"start":{"line":245,"column":6},"end":{"line":245,"column":29}},"112":{"start":{"line":245,"column":22},"end":{"line":245,"column":29}},"113":{"start":{"line":248,"column":6},"end":{"line":252,"column":7}},"114":{"start":{"line":249,"column":8},"end":{"line":249,"column":26}},"115":{"start":{"line":250,"column":8},"end":{"line":250,"column":29}},"116":{"start":{"line":251,"column":8},"end":{"line":251,"column":31}},"117":{"start":{"line":254,"column":6},"end":{"line":254,"column":20}},"118":{"start":{"line":255,"column":6},"end":{"line":255,"column":46}},"119":{"start":{"line":258,"column":4},"end":{"line":258,"column":44}},"120":{"start":{"line":265,"column":4},"end":{"line":265,"column":22}},"121":{"start":{"line":266,"column":4},"end":{"line":266,"column":73}},"122":{"start":{"line":266,"column":21},"end":{"line":266,"column":53}},"123":{"start":{"line":266,"column":54},"end":{"line":266,"column":71}},"124":{"start":{"line":279,"column":4},"end":{"line":279,"column":37}},"125":{"start":{"line":279,"column":24},"end":{"line":279,"column":37}},"126":{"start":{"line":280,"column":4},"end":{"line":280,"column":40}},"127":{"start":{"line":280,"column":24},"end":{"line":280,"column":40}},"128":{"start":{"line":281,"column":4},"end":{"line":281,"column":18}},"129":{"start":{"line":289,"column":4},"end":{"line":295,"column":8}},"130":{"start":{"line":289,"column":42},"end":{"line":295,"column":5}},"131":{"start":{"line":303,"column":22},"end":{"line":303,"column":40}},"132":{"start":{"line":304,"column":24},"end":{"line":304,"column":26}},"133":{"start":{"line":307,"column":23},"end":{"line":307,"column":64}},"134":{"start":{"line":307,"column":45},"end":{"line":307,"column":63}},"135":{"start":{"line":308,"column":23},"end":{"line":308,"column":66}},"136":{"start":{"line":308,"column":45},"end":{"line":308,"column":65}},"137":{"start":{"line":310,"column":4},"end":{"line":318,"column":5}},"138":{"start":{"line":311,"column":19},"end":{"line":311,"column":31}},"139":{"start":{"line":312,"column":6},"end":{"line":317,"column":9}},"140":{"start":{"line":320,"column":4},"end":{"line":328,"column":5}},"141":{"start":{"line":321,"column":19},"end":{"line":321,"column":30}},"142":{"start":{"line":322,"column":6},"end":{"line":327,"column":9}},"143":{"start":{"line":331,"column":23},"end":{"line":331,"column":63}},"144":{"start":{"line":331,"column":45},"end":{"line":331,"column":62}},"145":{"start":{"line":332,"column":4},"end":{"line":340,"column":5}},"146":{"start":{"line":333,"column":19},"end":{"line":333,"column":32}},"147":{"start":{"line":334,"column":6},"end":{"line":339,"column":9}},"148":{"start":{"line":343,"column":4},"end":{"line":348,"column":7}},"149":{"start":{"line":350,"column":4},"end":{"line":350,"column":23}},"150":{"start":{"line":359,"column":22},"end":{"line":368,"column":5}},"151":{"start":{"line":369,"column":4},"end":{"line":369,"column":111}},"152":{"start":{"line":377,"column":22},"end":{"line":377,"column":75}},"153":{"start":{"line":377,"column":56},"end":{"line":377,"column":74}},"154":{"start":{"line":378,"column":4},"end":{"line":378,"column":27}},"155":{"start":{"line":378,"column":20},"end":{"line":378,"column":27}},"156":{"start":{"line":380,"column":20},"end":{"line":380,"column":49}},"157":{"start":{"line":381,"column":4},"end":{"line":381,"column":25}},"158":{"start":{"line":381,"column":18},"end":{"line":381,"column":25}},"159":{"start":{"line":383,"column":4},"end":{"line":383,"column":72}},"160":{"start":{"line":384,"column":4},"end":{"line":384,"column":86}},"161":{"start":{"line":385,"column":4},"end":{"line":385,"column":74}},"162":{"start":{"line":387,"column":4},"end":{"line":387,"column":49}},"163":{"start":{"line":388,"column":4},"end":{"line":388,"column":51}},"164":{"start":{"line":389,"column":4},"end":{"line":389,"column":93}},"165":{"start":{"line":392,"column":22},"end":{"line":392,"column":36}},"166":{"start":{"line":393,"column":21},"end":{"line":393,"column":22}},"167":{"start":{"line":394,"column":26},"end":{"line":397,"column":11}},"168":{"start":{"line":395,"column":6},"end":{"line":395,"column":101}},"169":{"start":{"line":396,"column":6},"end":{"line":396,"column":88}},"170":{"start":{"line":396,"column":29},"end":{"line":396,"column":58}},"171":{"start":{"line":396,"column":59},"end":{"line":396,"column":86}},"172":{"start":{"line":404,"column":20},"end":{"line":404,"column":49}},"173":{"start":{"line":405,"column":4},"end":{"line":405,"column":57}},"174":{"start":{"line":405,"column":17},"end":{"line":405,"column":57}},"175":{"start":{"line":406,"column":4},"end":{"line":406,"column":62}},"176":{"start":{"line":409,"column":2},"end":{"line":420,"column":4}},"177":{"start":{"line":423,"column":0},"end":{"line":423,"column":83}},"178":{"start":{"line":423,"column":53},"end":{"line":423,"column":83}}},"fnMap":{"0":{"name":"(anonymous_0)","decl":{"start":{"line":8,"column":22},"end":{"line":8,"column":23}},"loc":{"start":{"line":8,"column":28},"end":{"line":421,"column":1}},"line":8},"1":{"name":"initDensities","decl":{"start":{"line":49,"column":11},"end":{"line":49,"column":24}},"loc":{"start":{"line":49,"column":27},"end":{"line":81,"column":3}},"line":49},"2":{"name":"(anonymous_2)","decl":{"start":{"line":54,"column":18},"end":{"line":54,"column":19}},"loc":{"start":{"line":54,"column":26},"end":{"line":80,"column":5}},"line":54},"3":{"name":"updateDensities","decl":{"start":{"line":86,"column":11},"end":{"line":86,"column":26}},"loc":{"start":{"line":86,"column":29},"end":{"line":95,"column":3}},"line":86},"4":{"name":"(anonymous_4)","decl":{"start":{"line":87,"column":18},"end":{"line":87,"column":19}},"loc":{"start":{"line":87,"column":26},"end":{"line":94,"column":5}},"line":87},"5":{"name":"generateHeatPoints","decl":{"start":{"line":100,"column":11},"end":{"line":100,"column":29}},"loc":{"start":{"line":100,"column":32},"end":{"line":120,"column":3}},"line":100},"6":{"name":"(anonymous_6)","decl":{"start":{"line":107,"column":18},"end":{"line":107,"column":19}},"loc":{"start":{"line":107,"column":26},"end":{"line":119,"column":5}},"line":107},"7":{"name":"initCanvas","decl":{"start":{"line":130,"column":11},"end":{"line":130,"column":21}},"loc":{"start":{"line":130,"column":32},"end":{"line":147,"column":3}},"line":130},"8":{"name":"resizeCanvas","decl":{"start":{"line":135,"column":13},"end":{"line":135,"column":25}},"loc":{"start":{"line":135,"column":28},"end":{"line":141,"column":5}},"line":135},"9":{"name":"renderFrame","decl":{"start":{"line":152,"column":11},"end":{"line":152,"column":22}},"loc":{"start":{"line":152,"column":25},"end":{"line":230,"column":3}},"line":152},"10":{"name":"(anonymous_10)","decl":{"start":{"line":165,"column":23},"end":{"line":165,"column":24}},"loc":{"start":{"line":165,"column":29},"end":{"line":199,"column":5}},"line":165},"11":{"name":"(anonymous_11)","decl":{"start":{"line":205,"column":30},"end":{"line":205,"column":31}},"loc":{"start":{"line":205,"column":38},"end":{"line":223,"column":5}},"line":205},"12":{"name":"startSimulation","decl":{"start":{"line":235,"column":11},"end":{"line":235,"column":26}},"loc":{"start":{"line":235,"column":29},"end":{"line":259,"column":3}},"line":235},"13":{"name":"loop","decl":{"start":{"line":244,"column":13},"end":{"line":244,"column":17}},"loc":{"start":{"line":244,"column":29},"end":{"line":256,"column":5}},"line":244},"14":{"name":"stopSimulation","decl":{"start":{"line":264,"column":11},"end":{"line":264,"column":25}},"loc":{"start":{"line":264,"column":28},"end":{"line":267,"column":3}},"line":264},"15":{"name":"getDensityLevel","decl":{"start":{"line":278,"column":11},"end":{"line":278,"column":26}},"loc":{"start":{"line":278,"column":36},"end":{"line":282,"column":3}},"line":278},"16":{"name":"getZoneSummaries","decl":{"start":{"line":288,"column":11},"end":{"line":288,"column":27}},"loc":{"start":{"line":288,"column":30},"end":{"line":296,"column":3}},"line":288},"17":{"name":"(anonymous_17)","decl":{"start":{"line":289,"column":33},"end":{"line":289,"column":34}},"loc":{"start":{"line":289,"column":42},"end":{"line":295,"column":5}},"line":289},"18":{"name":"generatePredictions","decl":{"start":{"line":302,"column":11},"end":{"line":302,"column":30}},"loc":{"start":{"line":302,"column":33},"end":{"line":351,"column":3}},"line":302},"19":{"name":"(anonymous_19)","decl":{"start":{"line":307,"column":40},"end":{"line":307,"column":41}},"loc":{"start":{"line":307,"column":45},"end":{"line":307,"column":63}},"line":307},"20":{"name":"(anonymous_20)","decl":{"start":{"line":308,"column":40},"end":{"line":308,"column":41}},"loc":{"start":{"line":308,"column":45},"end":{"line":308,"column":65}},"line":308},"21":{"name":"(anonymous_21)","decl":{"start":{"line":331,"column":40},"end":{"line":331,"column":41}},"loc":{"start":{"line":331,"column":45},"end":{"line":331,"column":62}},"line":331},"22":{"name":"getAlternateRoute","decl":{"start":{"line":358,"column":11},"end":{"line":358,"column":28}},"loc":{"start":{"line":358,"column":41},"end":{"line":370,"column":3}},"line":358},"23":{"name":"triggerEmergencyAlert","decl":{"start":{"line":376,"column":11},"end":{"line":376,"column":32}},"loc":{"start":{"line":376,"column":44},"end":{"line":398,"column":3}},"line":376},"24":{"name":"(anonymous_24)","decl":{"start":{"line":377,"column":51},"end":{"line":377,"column":52}},"loc":{"start":{"line":377,"column":56},"end":{"line":377,"column":74}},"line":377},"25":{"name":"(anonymous_25)","decl":{"start":{"line":394,"column":38},"end":{"line":394,"column":39}},"loc":{"start":{"line":394,"column":44},"end":{"line":397,"column":5}},"line":394},"26":{"name":"dismissAlert","decl":{"start":{"line":403,"column":11},"end":{"line":403,"column":23}},"loc":{"start":{"line":403,"column":26},"end":{"line":407,"column":3}},"line":403}},"branchMap":{"0":{"loc":{"start":{"line":58,"column":6},"end":{"line":60,"column":7}},"type":"if","locations":[{"start":{"line":58,"column":6},"end":{"line":60,"column":7}},{"start":{},"end":{}}],"line":58},"1":{"loc":{"start":{"line":58,"column":10},"end":{"line":58,"column":58}},"type":"binary-expr","locations":[{"start":{"line":58,"column":10},"end":{"line":58,"column":33}},{"start":{"line":58,"column":37},"end":{"line":58,"column":58}}],"line":58},"2":{"loc":{"start":{"line":63,"column":6},"end":{"line":65,"column":7}},"type":"if","locations":[{"start":{"line":63,"column":6},"end":{"line":65,"column":7}},{"start":{},"end":{}}],"line":63},"3":{"loc":{"start":{"line":64,"column":16},"end":{"line":64,"column":50}},"type":"cond-expr","locations":[{"start":{"line":64,"column":40},"end":{"line":64,"column":43}},{"start":{"line":64,"column":46},"end":{"line":64,"column":50}}],"line":64},"4":{"loc":{"start":{"line":68,"column":6},"end":{"line":70,"column":7}},"type":"if","locations":[{"start":{"line":68,"column":6},"end":{"line":70,"column":7}},{"start":{},"end":{}}],"line":68},"5":{"loc":{"start":{"line":73,"column":6},"end":{"line":75,"column":7}},"type":"if","locations":[{"start":{"line":73,"column":6},"end":{"line":75,"column":7}},{"start":{},"end":{}}],"line":73},"6":{"loc":{"start":{"line":74,"column":16},"end":{"line":74,"column":50}},"type":"cond-expr","locations":[{"start":{"line":74,"column":40},"end":{"line":74,"column":44}},{"start":{"line":74,"column":47},"end":{"line":74,"column":50}}],"line":74},"7":{"loc":{"start":{"line":88,"column":22},"end":{"line":88,"column":49}},"type":"binary-expr","locations":[{"start":{"line":88,"column":22},"end":{"line":88,"column":42}},{"start":{"line":88,"column":46},"end":{"line":88,"column":49}}],"line":88},"8":{"loc":{"start":{"line":90,"column":21},"end":{"line":90,"column":77}},"type":"binary-expr","locations":[{"start":{"line":90,"column":21},"end":{"line":90,"column":70}},{"start":{"line":90,"column":74},"end":{"line":90,"column":77}}],"line":90},"9":{"loc":{"start":{"line":102,"column":14},"end":{"line":102,"column":34}},"type":"binary-expr","locations":[{"start":{"line":102,"column":14},"end":{"line":102,"column":27}},{"start":{"line":102,"column":31},"end":{"line":102,"column":34}}],"line":102},"10":{"loc":{"start":{"line":103,"column":14},"end":{"line":103,"column":35}},"type":"binary-expr","locations":[{"start":{"line":103,"column":14},"end":{"line":103,"column":28}},{"start":{"line":103,"column":32},"end":{"line":103,"column":35}}],"line":103},"11":{"loc":{"start":{"line":108,"column":22},"end":{"line":108,"column":47}},"type":"binary-expr","locations":[{"start":{"line":108,"column":22},"end":{"line":108,"column":42}},{"start":{"line":108,"column":46},"end":{"line":108,"column":47}}],"line":108},"12":{"loc":{"start":{"line":132,"column":4},"end":{"line":132,"column":95}},"type":"if","locations":[{"start":{"line":132,"column":4},"end":{"line":132,"column":95}},{"start":{},"end":{}}],"line":132},"13":{"loc":{"start":{"line":137,"column":37},"end":{"line":137,"column":65}},"type":"binary-expr","locations":[{"start":{"line":137,"column":37},"end":{"line":137,"column":60}},{"start":{"line":137,"column":64},"end":{"line":137,"column":65}}],"line":137},"14":{"loc":{"start":{"line":138,"column":37},"end":{"line":138,"column":65}},"type":"binary-expr","locations":[{"start":{"line":138,"column":37},"end":{"line":138,"column":60}},{"start":{"line":138,"column":64},"end":{"line":138,"column":65}}],"line":138},"15":{"loc":{"start":{"line":140,"column":16},"end":{"line":140,"column":44}},"type":"binary-expr","locations":[{"start":{"line":140,"column":16},"end":{"line":140,"column":39}},{"start":{"line":140,"column":43},"end":{"line":140,"column":44}}],"line":140},"16":{"loc":{"start":{"line":140,"column":46},"end":{"line":140,"column":74}},"type":"binary-expr","locations":[{"start":{"line":140,"column":46},"end":{"line":140,"column":69}},{"start":{"line":140,"column":73},"end":{"line":140,"column":74}}],"line":140},"17":{"loc":{"start":{"line":153,"column":4},"end":{"line":153,"column":32}},"type":"if","locations":[{"start":{"line":153,"column":4},"end":{"line":153,"column":32}},{"start":{},"end":{}}],"line":153},"18":{"loc":{"start":{"line":153,"column":8},"end":{"line":153,"column":23}},"type":"binary-expr","locations":[{"start":{"line":153,"column":8},"end":{"line":153,"column":12}},{"start":{"line":153,"column":16},"end":{"line":153,"column":23}}],"line":153},"19":{"loc":{"start":{"line":154,"column":30},"end":{"line":154,"column":58}},"type":"binary-expr","locations":[{"start":{"line":154,"column":30},"end":{"line":154,"column":53}},{"start":{"line":154,"column":57},"end":{"line":154,"column":58}}],"line":154},"20":{"loc":{"start":{"line":155,"column":31},"end":{"line":155,"column":59}},"type":"binary-expr","locations":[{"start":{"line":155,"column":31},"end":{"line":155,"column":54}},{"start":{"line":155,"column":58},"end":{"line":155,"column":59}}],"line":155},"21":{"loc":{"start":{"line":171,"column":6},"end":{"line":189,"column":7}},"type":"if","locations":[{"start":{"line":171,"column":6},"end":{"line":189,"column":7}},{"start":{"line":177,"column":13},"end":{"line":189,"column":7}}],"line":171},"22":{"loc":{"start":{"line":177,"column":13},"end":{"line":189,"column":7}},"type":"if","locations":[{"start":{"line":177,"column":13},"end":{"line":189,"column":7}},{"start":{"line":183,"column":13},"end":{"line":189,"column":7}}],"line":177},"23":{"loc":{"start":{"line":206,"column":22},"end":{"line":206,"column":47}},"type":"binary-expr","locations":[{"start":{"line":206,"column":22},"end":{"line":206,"column":42}},{"start":{"line":206,"column":46},"end":{"line":206,"column":47}}],"line":206},"24":{"loc":{"start":{"line":236,"column":4},"end":{"line":236,"column":26}},"type":"if","locations":[{"start":{"line":236,"column":4},"end":{"line":236,"column":26}},{"start":{},"end":{}}],"line":236},"25":{"loc":{"start":{"line":245,"column":6},"end":{"line":245,"column":29}},"type":"if","locations":[{"start":{"line":245,"column":6},"end":{"line":245,"column":29}},{"start":{},"end":{}}],"line":245},"26":{"loc":{"start":{"line":248,"column":6},"end":{"line":252,"column":7}},"type":"if","locations":[{"start":{"line":248,"column":6},"end":{"line":252,"column":7}},{"start":{},"end":{}}],"line":248},"27":{"loc":{"start":{"line":266,"column":4},"end":{"line":266,"column":73}},"type":"if","locations":[{"start":{"line":266,"column":4},"end":{"line":266,"column":73}},{"start":{},"end":{}}],"line":266},"28":{"loc":{"start":{"line":279,"column":4},"end":{"line":279,"column":37}},"type":"if","locations":[{"start":{"line":279,"column":4},"end":{"line":279,"column":37}},{"start":{},"end":{}}],"line":279},"29":{"loc":{"start":{"line":2
[...]
"nearestWaypoint","decl":{"start":{"line":88,"column":11},"end":{"line":88,"column":26}},"loc":{"start":{"line":88,"column":33},"end":{"line":95,"column":3}},"line":88},"3":{"name":"buildPath","decl":{"start":{"line":103,"column":11},"end":{"line":103,"column":20}},"loc":{"start":{"line":103,"column":31},"end":{"line":127,"column":3}},"line":103},"4":{"name":"pathDistance","decl":{"start":{"line":134,"column":11},"end":{"line":134,"column":23}},"loc":{"start":{"line":134,"column":30},"end":{"line":140,"column":3}},"line":134},"5":{"name":"generateDirections","decl":{"start":{"line":153,"column":11},"end":{"line":153,"column":29}},"loc":{"start":{"line":153,"column":66},"end":{"line":202,"column":3}},"line":153},"6":{"name":"getRelativeDir","decl":{"start":{"line":204,"column":11},"end":{"line":204,"column":25}},"loc":{"start":{"line":204,"column":34},"end":{"line":207,"column":3}},"line":204},"7":{"name":"findNearestGate","decl":{"start":{"line":209,"column":11},"end":{"line":209,"column":26}},"loc":{"start":{"line":209,"column":32},"end":{"line":216,"column":3}},"line":209},"8":{"name":"(anonymous_8)","decl":{"start":{"line":210,"column":63},"end":{"line":210,"column":64}},"loc":{"start":{"line":210,"column":70},"end":{"line":212,"column":5}},"line":210},"9":{"name":"(anonymous_9)","decl":{"start":{"line":213,"column":22},"end":{"line":213,"column":23}},"loc":{"start":{"line":214,"column":6},"end":{"line":214,"column":81}},"line":214},"10":{"name":"renderMap","decl":{"start":{"line":226,"column":11},"end":{"line":226,"column":20}},"loc":{"start":{"line":226,"column":34},"end":{"line":336,"column":3}},"line":226},"11":{"name":"renderFacilityMarkers","decl":{"start":{"line":341,"column":11},"end":{"line":341,"column":32}},"loc":{"start":{"line":341,"column":35},"end":{"line":381,"column":3}},"line":341},"12":{"name":"(anonymous_12)","decl":{"start":{"line":346,"column":38},"end":{"line":346,"column":39}},"loc":{"start":{"line":346,"column":43},"end":{"line":380,"column":5}},"line":346},"13":{"name":"(anonymous_13)","decl":{"start":{"line":376,"column":34},"end":{"line":376,"column":35}},"loc":{"start":{"line":376,"column":40},"end":{"line":376,"column":56}},"line":376},"14":{"name":"(anonymous_14)","decl":{"start":{"line":377,"column":36},"end":{"line":377,"column":37}},"loc":{"start":{"line":377,"column":41},"end":{"line":377,"column":125}},"line":377},"15":{"name":"getFacilityColor","decl":{"start":{"line":383,"column":11},"end":{"line":383,"column":27}},"loc":{"start":{"line":383,"column":34},"end":{"line":391,"column":3}},"line":383},"16":{"name":"drawRoute","decl":{"start":{"line":402,"column":11},"end":{"line":402,"column":20}},"loc":{"start":{"line":402,"column":40},"end":{"line":482,"column":3}},"line":402},"17":{"name":"(anonymous_17)","decl":{"start":{"line":410,"column":28},"end":{"line":410,"column":29}},"loc":{"start":{"line":410,"column":33},"end":{"line":410,"column":48}},"line":410},"18":{"name":"(anonymous_18)","decl":{"start":{"line":423,"column":31},"end":{"line":423,"column":32}},"loc":{"start":{"line":424,"column":6},"end":{"line":424,"column":74}},"line":424},"19":{"name":"(anonymous_19)","decl":{"start":{"line":433,"column":30},"end":{"line":433,"column":31}},"loc":{"start":{"line":433,"column":35},"end":{"line":441,"column":5}},"line":433},"20":{"name":"clearRoute","decl":{"start":{"line":487,"column":11},"end":{"line":487,"column":21}},"loc":{"start":{"line":487,"column":24},"end":{"line":492,"column":3}},"line":487},"21":{"name":"navigateTo","decl":{"start":{"line":505,"column":11},"end":{"line":505,"column":21}},"loc":{"start":{"line":505,"column":48},"end":{"line":529,"column":3}},"line":505},"22":{"name":"navigateToSeat","decl":{"start":{"line":538,"column":11},"end":{"line":538,"column":25}},"loc":{"start":{"line":538,"column":60},"end":{"line":563,"column":3}},"line":538},"23":{"name":"findNearest","decl":{"start":{"line":571,"column":11},"end":{"line":571,"column":22}},"loc":{"start":{"line":571,"column":35},"end":{"line":580,"column":3}},"line":571},"24":{"name":"(anonymous_24)","decl":{"start":{"line":574,"column":56},"end":{"line":574,"column":57}},"loc":{"start":{"line":574,"column":61},"end":{"line":574,"column":76}},"line":574},"25":{"name":"(anonymous_25)","decl":{"start":{"line":577,"column":27},"end":{"line":577,"column":28}},"loc":{"start":{"line":578,"column":6},"end":{"line":578,"column":81}},"line":578},"26":{"name":"searchFacilities","decl":{"start":{"line":587,"column":11},"end":{"line":587,"column":27}},"loc":{"start":{"line":587,"column":35},"end":{"line":592,"column":3}},"line":587},"27":{"name":"(anonymous_27)","decl":{"start":{"line":589,"column":44},"end":{"line":589,"column":45}},"loc":{"start":{"line":590,"column":6},"end":{"line":590,"column":100}},"line":590},"28":{"name":"setUserPosition","decl":{"start":{"line":598,"column":11},"end":{"line":598,"column":26}},"loc":{"start":{"line":598,"column":32},"end":{"line":600,"column":3}},"line":598},"29":{"name":"getFacilities","decl":{"start":{"line":606,"column":11},"end":{"line":606,"column":24}},"loc":{"start":{"line":606,"column":27},"end":{"line":606,"column":49}},"line":606},"30":{"name":"nextStep","decl":{"start":{"line":612,"column":11},"end":{"line":612,"column":19}},"loc":{"start":{"line":612,"column":22},"end":{"line":616,"column":3}},"line":612},"31":{"name":"prevStep","decl":{"start":{"line":621,"column":11},"end":{"line":621,"column":19}},"loc":{"start":{"line":621,"column":22},"end":{"line":625,"column":3}},"line":621}},"branchMap":{"0":{"loc":{"start":{"line":55,"column":4},"end":{"line":55,"column":46}},"type":"if","locations":[{"start":{"line":55,"column":4},"end":{"line":55,"column":46}},{"start":{},"end":{}}],"line":55},"1":{"loc":{"start":{"line":58,"column":4},"end":{"line":58,"column":78}},"type":"if","locations":[{"start":{"line":58,"column":4},"end":{"line":58,"column":78}},{"start":{},"end":{}}],"line":58},"2":{"loc":{"start":{"line":58,"column":8},"end":{"line":58,"column":32}},"type":"binary-expr","locations":[{"start":{"line":58,"column":8},"end":{"line":58,"column":18}},{"start":{"line":58,"column":22},"end":{"line":58,"column":32}}],"line":58},"3":{"loc":{"start":{"line":59,"column":4},"end":{"line":59,"column":79}},"type":"if","locations":[{"start":{"line":59,"column":4},"end":{"line":59,"column":79}},{"start":{},"end":{}}],"line":59},"4":{"loc":{"start":{"line":59,"column":8},"end":{"line":59,"column":32}},"type":"binary-expr","locations":[{"start":{"line":59,"column":8},"end":{"line":59,"column":18}},{"start":{"line":59,"column":22},"end":{"line":59,"column":32}}],"line":59},"5":{"loc":{"start":{"line":60,"column":4},"end":{"line":60,"column":78}},"type":"if","locations":[{"start":{"line":60,"column":4},"end":{"line":60,"column":78}},{"start":{},"end":{}}],"line":60},"6":{"loc":{"start":{"line":60,"column":8},"end":{"line":60,"column":32}},"type":"binary-expr","locations":[{"start":{"line":60,"column":8},"end":{"line":60,"column":18}},{"start":{"line":60,"column":22},"end":{"line":60,"column":32}}],"line":60},"7":{"loc":{"start":{"line":61,"column":4},"end":{"line":61,"column":79}},"type":"if","locations":[{"start":{"line":61,"column":4},"end":{"line":61,"column":79}},{"start":{},"end":{}}],"line":61},"8":{"loc":{"start":{"line":61,"column":8},"end":{"line":61,"column":32}},"type":"binary-expr","locations":[{"start":{"line":61,"column":8},"end":{"line":61,"column":18}},{"start":{"line":61,"column":22},"end":{"line":61,"column":32}}],"line":61},"9":{"loc":{"start":{"line":62,"column":4},"end":{"line":62,"column":78}},"type":"if","locations":[{"start":{"line":62,"column":4},"end":{"line":62,"column":78}},{"start":{},"end":{}}],"line":62},"10":{"loc":{"start":{"line":62,"column":8},"end":{"line":62,"column":32}},"type":"binary-expr","locations":[{"start":{"line":62,"column":8},"end":{"line":62,"column":18}},{"start":{"line":62,"column":22},"end":{"line":62,"column":32}}],"line":62},"11":{"loc":{"start":{"line":63,"column":4},"end":{"line":63,"column":78}},"type":"if","locations":[{"start":{"line":63,"column":4},"end":{"line":63,"column":78}},{"start":{},"end":{}}],"line":63},"12":{"loc":{"start":{"line":63,"column":8},"end":{"line":63,"column":32}},"type":"binary-expr","locations":[{"start":{"line":63,"column":8},"end":{"line":63,"column":18}},{"start":{"line":63,"column":22},"end":{"line":63,"column":32}}],"line":63},"13":{"loc":{"start":{"line":92,"column":6},"end":{"line":92,"column":52}},"type":"if","locations":[{"start":{"line":92,"column":6},"end":{"line":92,"column":52}},{"start":{},"end":{}}],"line":92},"14":{"loc":{"start":{"line":125,"column":18},"end":{"line":125,"column":74}},"type":"cond-expr","locations":[{"start":{"line":125,"column":55},"end":{"line":125,"column":64}},{"start":{"line":125,"column":67},"end":{"line":125,"column":74}}],"line":125},"15":{"loc":{"start":{"line":153,"column":48},"end":{"line":153,"column":64}},"type":"default-arg","locations":[{"start":{"line":153,"column":62},"end":{"line":153,"column":64}}],"line":153},"16":{"loc":{"start":{"line":166,"column":19},"end":{"line":168,"column":68}},"type":"cond-expr","locations":[{"start":{"line":166,"column":47},"end":{"line":166,"column":53}},{"start":{"line":167,"column":19},"end":{"line":168,"column":68}}],"line":166},"17":{"loc":{"start":{"line":166,"column":19},"end":{"line":166,"column":44}},"type":"binary-expr","locations":[{"start":{"line":166,"column":19},"end":{"line":166,"column":30}},{"start":{"line":166,"column":34},"end":{"line":166,"column":44}}],"line":166},"18":{"loc":{"start":{"line":167,"column":19},"end":{"line":168,"column":68}},"type":"cond-expr","locations":[{"start":{"line":167,"column":48},"end":{"line":167,"column":55}},{"start":{"line":168,"column":19},"end":{"line":168,"column":68}}],"line":167},"19":{"loc":{"start":{"line":167,"column":19},"end":{"line":167,"column":45}},"type":"binary-expr","locations":[{"start":{"line":167,"column":19},"end":{"line":167,"column":30}},{"start":{"line":167,"column":34},"end":{"line":167,"column":45}}],"line":167},"20":{"loc":{"start":{"line":168,"column":19},"end":{"line":168,"column":68}},"type":"cond-expr","locations":[{"start":{"line":168,"column":52},"end":{"line":168,"column":58}},{"start":{"line":168,"column":61},"end":{"line":168,"column":68}}],"line":168},"21":{"loc":{"start":{"line":168,"column":20},"end":{"line":168,"column":48}},"type":"binary-expr","locations":[{"start":{"line":168,"column":20},"end":{"line":168,"column":32}},{"start":{"line":168,"column":36},"end":{"line":168,"column":48}}],"line":168},"22":{"loc":{"start":{"line":177,"column":4},"end":{"line":179,"column":5}},"type":"if","locations":[{"start":{"line":177,"column":4},"end":{"line":179,"column":5}},{"start":{},"end":{}}],"line":177},"23":{"loc":{"start":{"line":182,"column":4},"end":{"line":184,"column":5}},"type":"if","locations":[{"start":{"line":182,"column":4},"end":{"line":184,"column":5}},{"start":{},"end":{}}],"line":182},"24":{"loc":{"start":{"line":187,"column":4},"end":{"line":189,"column":5}},"type":"if","locations":[{"start":{"line":187,"column":4},"end":{"line":189,"column":5}},{"start":{},"end":{}}],"line":187},"25":{"loc":{"start":{"line":191,"column":135},"end":{"line":191,"column":233}},"type":"cond-expr","locations":[{"start":{"line":191,"column":160},"end":{"line":191,"column":171}},{"start":{"line":191,"column":174},"end":{"line":191,"column":233}}],"line":191},"26":{"loc":{"start":{"line":191,"column":174},"end":{"line":191,"column":233}},"type":"cond-expr","locations":[{"start":{"line":191,"column":202},"end":{"line":191,"column":215}},{"start":{"line":191,"column":218},"end":{"line":191,"column":233}}],"line":191},"27":{"loc":{"start":{"line":197,"column":4},"end":{"line":199,"column":5}},"type":"if","locations":[{"start":{"line":197,"column":4},"end":{"line":199,"column":5}},{"start":{},"end":{}}],"line":197},"28":{"loc":{"start":{"line":205,"column":4},"end":{"line":205,"column":70}},"type":"if","locations":[{"start":{"line":205,"column":4},"end":{"line":205,"column":70}},{"start":{},"end":{}}],"line":205},"29":{"loc":{"start":{"line":205,"column":44},"end":{"line":205,"column":69}},"type":"cond-expr","locations":[{"start":{"line":205,"column":53},"end":{"line":205,"column":60}},{"start":{"line":205,"column":63},"end":{"line":205,"column":69}}],"line":205},"30":{"loc":{"start":{"line":206,"column":11},"end":{"line":206,"column":36}},"type":"cond-expr","locations":[{"start":{"line":206,"column":20},"end":{"line":206,"column":26}},{"start":{"line":206,"column":29},"end":{"line":206,"column":36}}],"line":206},"31":{"loc":{"start":{"line":228,"column":4},"end":{"line":228,"column":27}},"type":"if","locations":[{"start":{"line":228,"column":4},"end":{"line":228,"column":27}},{"start":{},"end":{}}],"line":228},"32":{"loc":{"start":{"line":343,"column":4},"end":{"line":343,"column":23}},"type":"if","locations":[{"start":{"line":343,"column":4},"end":{"line":343,"column":23}},{"start":{},"end":{}}],"line":343},"33":{"loc":{"start":{"line":377,"column":43},"end":{"line":377,"column":124}},"type":"if","locations":[{"start":{"line":377,"column":43},"end":{"line":377,"column":124}},{"start":{},"end":{}}],"line":377},"34":{"loc":{"start":{"line":377,"column":47},"end":{"line":377,"column":81}},"type":"binary-expr","locations":[{"start":{"line":377,"column":47},"end":{"line":377,"column":64}},{"start":{"line":377,"column":68},"end":{"line":377,"column":81}}],"line":377},"35":{"loc":{"start":{"line":390,"column":11},"end":{"line":390,"column":36}},"type":"binary-expr","locations":[{"start":{"line":390,"column":11},"end":{"line":390,"column":23}},{"start":{"line":390,"column":27},"end":{"line":390,"column":36}}],"line":390},"36":{"loc":{"start":{"line":404,"column":4},"end":{"line":404,"column":28}},"type":"if","locations":[{"start":{"line":404,"column":4},"end":{"line":404,"column":28}},{"start":{},"end":{}}],"line":404},"37":{"loc":{"start":{"line":407,"column":4},"end":{"line":407,"column":32}},"type":"if","locations":[{"start":{"line":407,"column":4},"end":{"line":407,"column":32}},{"start":{},"end":{}}],"line":407},"38":{"loc":{"start":{"line":424,"column":6},"end":{"line":424,"column":74}},"type":"cond-expr","locations":[{"start":{"line":424,"column":16},"end":{"line":424,"column":17}},{"start":{"line":424,"column":20},"end":{"line":424,"column":74}}],"line":424},"39":{"loc":{"start":{"line":489,"column":4},"end":{"line":489,"column":46}},"type":"if","locations":[{"start":{"line":489,"column":4},"end":{"line":489,"column":46}},{"start":{},"end":{}}],"line":489},"40":{"loc":{"start":{"line":505,"column":34},"end":{"line":505,"column":46}},"type":"default-arg","locations":[{"start":{"line":505,"column":44},"end":{"line":505,"column":46}}],"line":505},"41":{"loc":{"start":{"line":507,"column":4},"end":{"line":510,"column":5}},"type":"if","locations":[{"start":{"line":507,"column":4},"end":{"line":510,"column":5}},{"start":{},"end":{}}],"line":507},"42":{"loc":{"start":{"line":538,"column":46},"end":{"line":538,"column":58}},"type":"default-arg","locations":[{"start":{"line":538,"column":56},"end":{"line":538,"column":58}}],"line":538},"43":{"loc":{"start":{"line":544,"column":34},"end":{"line":544,"column":59}},"type":"cond-expr","locations":[{"start":{"line":544,"column":40},"end":{"line":544,"column":54}},{"start":{"line":544,"column":57},"end":{"line":544,"column":59}}],"line":544},"44":{"loc":{"start":{"line":544,"column":62},"end":{"line":544,"column":90}},"type":"cond-expr","locations":[{"start":{"line":544,"column":69},"end":{"line":544,"column":85}},{"start":{"line":544,"column":88},"end":{"line":544,"column":90}}],"line":544},"45":{"loc":{"start":{"line":572,"column":16},"end":{"line":572,"column":75}},"type":"binary-expr","locations":[{"start":{"line":572,"column":16},"end":{"line":572,"column":20}},{"start":{"line":572,"column":24},"end":{"line":572,"column":75}}],"line":572},"46":{"loc":{"start":{"line":575,"column":4},"end":{"line":575,"column":40}},"type":"if","locations":[{"start":{"line":575,"column":4},"end":{"line":575,"column":40}},{"start":{},"end":{}}],"line":575},"47":{"loc":{"start":{"line":590,"column":6},"end":{"line":590,"column":100}},"type":"binary-expr","locations":[{"start":{"line":590,"column":6},"end":{"line":590,"column":40}},{"start":{"line":590,"column":44},"end":{"line":590,"column":77}},{"start":{"line":590,"column":81},"end":{"line":590,"column":100}}],"line":590},"48":{"loc":{"start":{"line":613,"column":4},"end":{"line":613,"column":34}},"type":"if","locations":[{"start":{"line":613,"column":4},"end":{"line":613,"column":34}},{"start":{},"end":{}}],"line":613},"49":{"loc":{"start":{"line":614,"column":4},"end":{"line":614,"column":69}},"type":"if","locations":[{"start":{"line":614,"column":4},"end":{"line":614,"column":69}},{"start":{},"end":{}}],"line":614},"50":{"loc":{"start":{"line":622,"column":4},"end":{"line":622,"column":54}},"type":"if","locations":[{"start":{"line":622,"column":4},"end":{"line":622,"column":54}},{"start":{},"end":{}}],"line":622},"51":{"loc":{"start":{"line":622,"column":8},"end":{"line":622,"column":40}},"type":"binary-expr","locations":[{"start":{"line":622,"column":8},"end":{"line":622,"column":20}},{"start":{"line":622,"column":24},"end":{"line":622,"column":40}}],"line":622}},"s":{"0":0,"1":0,"2":0,"3":0,"4":0,"5":0,"6":0,"7":0,"8":0,"9":0,"10":0,"11":0,"12":0,"13":0,"14":0,"15":0,"16":0,"17":0,"18":0,"19":0,"20":0,"21":0,"22":0,"23":0,"24":0,"25":0,"26":0,"27":0,"28":0,"29":0,"30":0,"31":0,"32":0,"33":0,"34":0,"35":0,"36":0,"37":0,"38":0,"39":0,"40":0,"41":0,"42":0,"43":0,"44":0,"45":0,"46":0,"47":0,"48":0,"49":0,"50":0,"51":0,"52":0,"53":0,"54":0,"55":0,"56":0,"57":0,"58":0,"59":0,"60":0,"61":0,"62":0,"63":0,"64":0,"65":0,"66":0,"67":0,"68":0,"69":0,"70":0,"71":0,"72":0,"73":0,"74":0,"75":0,"76":0,"77":0,"78":0,"79":0,"80":0,"81":0,"82":0,"83":0,"84":0,"85":0,"86":0,"87":0,"88":0,"89":0,"90":0,"91":0,"92":0,"93":0,"94":0,"95":0,"96":0,"97":0,"98":0,"99":0,"100":0,"101":0,"102":0,"103":0,"104":0,"105":0,"106":0,"107":0,"108":0,"109":0,"110":0,"111":0,"112":0,"113":0,"114":0,"115":0,"116":0,"117":0,"118":0,"119":0,"120":0,"121":0,"122":0,"123":0,"124":0,"125":0,"126":0,"127":0,"128":0,"129":0,"130":0,"131":0,"132":0,"133":0,"134":0,"135":0,"136":0,"137":0,"138":0,"139":0,"140":0,"141":0,"142":0,"143":0,"144":0,"145":0,"146":0,"147":0,"148":0,"149":0,"150":0,"151":0,"152":0,"153":0,"154":0,"155":0,"156":0,"157":0,"158":0,"159":0,"160":0,"161":0,"162":0,"163":0,"164":0,"165":0,"166":0,"167":0,"168":0,"169":0,"170":0,"171":0,"172":0,"173":0,"174":0,"175":0,"176":0,"177":0,"178":0,"179":0,"180":0,"181":0,"182":0,"183":0,"184":0,"185":0,"186":0,"187":0,"188":0,"189":0,"190":0,"191":0,"192":0,"193":0,"194":0,"195":0,"196":0,"197":0,"198":0,"199":0,"200":0,"201":0,"202":0,"203":0,"204":0,"205":0,"206":0,"207":0,"208":0,"209":0,"210":0,"211":0,"212":0,"213":0,"214":0,"215":0,"216":0,"217":0,"218":0,"219":0,"220":0,"221":0,"222":0,"223":0,"224":0,"225":0,"226":0,"227":0,"228":0,"229":0,"230":0,"231":0,"232":0,"233":0,"234":0,"235":0,"236":0,"237":0,"238":0,"239":0,"240":0,"241":0,"242":0,"243":0,"244":0,"245":0,"246":0},"f":{"0":0,"1":0,"2":0,"3":0,"4":0,"5":0,"6":0,"7":0,"8":0,"9":0,"10":0,"11":0,"12":0,"13":0,"14":0,"15":0,"16":0,"17":0,"18":0,"19":0,"20":0,"21":0,"22":0,"23":0,"24":0,"25":0,"26":0,"27":0,"28":0,"29":0,"30":0,"31":0},"b":{"0":[0,0],"1":[0,0],"2":[0,0],"3":[0,0],"4":[0,0],"5":[0,0],"6":[0,0],"7":[0,0],"8":[0,0],"9":[0,0],"10":[0,0],"11":[0,0],"12":[0,0],"13":[0,0],"14":[0,0],"15":[0],"16":[0,0],"17":[0,0],"18":[0,0],"19":[0,0],"20":[0,0],"21":[0,0],"22":[0,0],"23":[0,0],"24":[0,0],"25":[0,0],"26":[0,0],"27":[0,0],"28":[0,0],"29":[0,0],"30":[0,0],"31":[0,0],"32":[0,0],"33":[0,0],"34":[0,0],"35":[0,0],"36":[0,0],"37":[0,0],"38":[0,0],"39":[0,0],"40":[0],"41":[0,0],"42":[0],"43":[0,0],"44":[0,0],"45":[0,0],"46":[0,0],"47":[0,0,0],"48":[0,0],"49":[0,0],"50":[0,0],"51":[0,0]}}
}
