TN:
SF:js\ai-engine.js
FN:28,(anonymous_0)
FN:196,extractSeatInfo
FN:212,extractFacility
FN:235,(anonymous_3)
FN:240,(anonymous_4)
FN:245,(anonymous_5)
FN:250,(anonymous_6)
FN:255,(anonymous_7)
FN:260,(anonymous_8)
FN:269,(anonymous_9)
FN:278,(anonymous_10)
FN:292,(anonymous_11)
FN:307,(anonymous_12)
FN:321,(anonymous_13)
FN:332,(anonymous_14)
FN:335,(anonymous_15)
FN:336,(anonymous_16)
FN:337,(anonymous_17)
FN:342,(anonymous_18)
FN:349,(anonymous_19)
FN:358,(anonymous_20)
FN:363,(anonymous_21)
FN:368,(anonymous_22)
FN:373,(anonymous_23)
FN:377,(anonymous_24)
FN:381,(anonymous_25)
FN:388,(anonymous_26)
FN:395,(anonymous_27)
FN:398,(anonymous_28)
FN:402,(anonymous_29)
FN:405,(anonymous_30)
FN:412,(anonymous_31)
FN:424,(anonymous_32)
FN:426,(anonymous_33)
FN:431,(anonymous_34)
FN:434,(anonymous_35)
FN:454,classifyIntent
FN:468,resolveAgent
FN:469,(anonymous_38)
FN:484,generateDashboardInsights
FN:590,respond
FN:618,demoRespond
FN:643,callGeminiAPI
FN:686,startListening
FN:701,(anonymous_44)
FN:709,(anonymous_45)
FN:720,(anonymous_46)
FN:740,stopListening
FN:752,speak
FN:768,(anonymous_49)
FN:771,(anonymous_50)
FN:772,(anonymous_51)
FN:780,stopSpeaking
FN:788,isVoiceSupported
FN:796,isTTSSupported
FN:814,(anonymous_55)
FNF:56
FNH:26
FNDA:1,(anonymous_0)
FNDA:0,extractSeatInfo
FNDA:0,extractFacility
FNDA:1,(anonymous_3)
FNDA:0,(anonymous_4)
FNDA:0,(anonymous_5)
FNDA:0,(anonymous_6)
FNDA:1,(anonymous_7)
FNDA:0,(anonymous_8)
FNDA:0,(anonymous_9)
FNDA:0,(anonymous_10)
FNDA:0,(anonymous_11)
FNDA:4,(anonymous_12)
FNDA:2,(anonymous_13)
FNDA:0,(anonymous_14)
FNDA:1,(anonymous_15)
FNDA:8,(anonymous_16)
FNDA:8,(anonymous_17)
FNDA:2,(anonymous_18)
FNDA:3,(anonymous_19)
FNDA:1,(anonymous_20)
FNDA:1,(anonymous_21)
FNDA:0,(anonymous_22)
FNDA:1,(anonymous_23)
FNDA:1,(anonymous_24)
FNDA:2,(anonymous_25)
FNDA:0,(anonymous_26)
FNDA:0,(anonymous_27)
FNDA:1,(anonymous_28)
FNDA:0,(anonymous_29)
FNDA:0,(anonymous_30)
FNDA:0,(anonymous_31)
FNDA:0,(anonymous_32)
FNDA:0,(anonymous_33)
FNDA:0,(anonymous_34)
FNDA:1,(anonymous_35)
FNDA:59,classifyIntent
FNDA:23,resolveAgent
FNDA:179,(anonymous_38)
FNDA:1,generateDashboardInsights
FNDA:19,respond
FNDA:17,demoRespond
FNDA:0,callGeminiAPI
FNDA:0,startListening
FNDA:0,(anonymous_44)
FNDA:0,(anonymous_45)
FNDA:0,(anonymous_46)
FNDA:0,stopListening
FNDA:0,speak
FNDA:0,(anonymous_49)
FNDA:0,(anonymous_50)
FNDA:0,(anonymous_51)
FNDA:0,stopSpeaking
FNDA:1,isVoiceSupported
FNDA:1,isTTSSupported
FNDA:1,(anonymous_55)
DA:28,1
DA:39,1
DA:69,1
DA:87,1
DA:197,0
DA:198,0
DA:199,0
DA:200,0
DA:213,0
DA:214,0
DA:215,0
DA:216,0
DA:217,0
DA:218,0
DA:219,0
DA:220,0
DA:221,0
DA:232,1
DA:236,1
DA:241,0
DA:246,0
DA:251,0
DA:256,1
DA:261,0
DA:266,0
DA:270,0
DA:279,0
DA:280,0
DA:281,0
DA:289,0
DA:293,0
DA:294,0
DA:303,0
DA:304,0
DA:308,4
DA:309,4
DA:310,1
DA:312,3
DA:313,1
DA:315,2
DA:316,1
DA:318,1
DA:322,2
DA:323,2
DA:324,1
DA:326,1
DA:327,1
DA:329,0
DA:330,0
DA:332,0
DA:336,8
DA:337,8
DA:338,1
DA:340,1
DA:341,1
DA:342,1
DA:343,2
DA:345,1
DA:348,1
DA:349,1
DA:350,3
DA:353,1
DA:354,1
DA:359,1
DA:364,1
DA:369,0
DA:374,1
DA:378,1
DA:382,2
DA:383,1
DA:385,1
DA:389,0
DA:394,0
DA:395,0
DA:399,1
DA:403,0
DA:404,0
DA:405,0
DA:406,0
DA:408,0
DA:409,0
DA:413,0
DA:414,0
DA:424,0
DA:425,0
DA:426,0
DA:427,0
DA:428,0
DA:431,0
DA:435,1
DA:440,1
DA:455,59
DA:456,591
DA:457,744
DA:460,3
DA:469,179
DA:485,1
DA:592,19
DA:593,1
DA:595,18
DA:596,18
DA:599,17
DA:600,17
DA:601,0
DA:602,0
DA:604,0
DA:609,17
DA:619,17
DA:620,17
DA:621,17
DA:622,5
DA:624,12
DA:627,17
DA:628,17
DA:629,17
DA:631,0
DA:632,0
DA:644,0
DA:645,0
DA:646,0
DA:647,0
DA:651,0
DA:657,0
DA:666,0
DA:667,0
DA:668,0
DA:675,1
DA:676,1
DA:677,1
DA:687,0
DA:688,0
DA:689,0
DA:690,0
DA:693,0
DA:695,0
DA:696,0
DA:697,0
DA:698,0
DA:699,0
DA:701,0
DA:702,0
DA:703,0
DA:704,0
DA:705,0
DA:709,0
DA:710,0
DA:716,0
DA:717,0
DA:720,0
DA:721,0
DA:722,0
DA:725,0
DA:726,0
DA:727,0
DA:728,0
DA:729,0
DA:731,0
DA:732,0
DA:733,0
DA:741,0
DA:742,0
DA:743,0
DA:753,0
DA:754,0
DA:757,0
DA:759,0
DA:760,0
DA:761,0
DA:762,0
DA:763,0
DA:766,0
DA:767,0
DA:768,0
DA:769,0
DA:771,0
DA:772,0
DA:774,0
DA:781,0
DA:789,1
DA:797,1
DA:803,1
DA:814,1
DA:820,1
LF:183
LH:72
BRDA:197,0,0,0
BRDA:197,0,1,0
BRDA:199,1,0,0
BRDA:199,1,1,0
BRDA:201,2,0,0
BRDA:201,2,1,0
BRDA:202,3,0,0
BRDA:202,3,1,0
BRDA:203,4,0,0
BRDA:203,4,1,0
BRDA:214,5,0,0
BRDA:214,5,1,0
BRDA:215,6,0,0
BRDA:215,6,1,0
BRDA:216,7,0,0
BRDA:216,7,1,0
BRDA:217,8,0,0
BRDA:217,8,1,0
BRDA:218,9,0,0
BRDA:218,9,1,0
BRDA:219,10,0,0
BRDA:219,10,1,0
BRDA:220,11,0,0
BRDA:220,11,1,0
BRDA:280,12,0,0
BRDA:280,12,1,0
BRDA:281,13,0,0
BRDA:281,13,1,0
BRDA:281,14,0,0
BRDA:281,14,1,0
BRDA:283,15,0,0
BRDA:283,15,1,0
BRDA:283,16,0,0
BRDA:283,16,1,0
BRDA:284,17,0,0
BRDA:284,17,1,0
BRDA:284,18,0,0
BRDA:284,18,1,0
BRDA:286,19,0,0
BRDA:286,19,1,0
BRDA:303,20,0,0
BRDA:303,20,1,0
BRDA:303,21,0,0
BRDA:303,21,1,0
BRDA:309,22,0,1
BRDA:309,22,1,3
BRDA:312,23,0,1
BRDA:312,23,1,2
BRDA:315,24,0,1
BRDA:315,24,1,1
BRDA:323,25,0,1
BRDA:323,25,1,1
BRDA:326,26,0,1
BRDA:326,26,1,0
BRDA:329,27,0,0
BRDA:329,27,1,0
BRDA:340,28,0,1
BRDA:340,28,1,0
BRDA:382,29,0,1
BRDA:382,29,1,1
BRDA:425,30,0,0
BRDA:425,30,1,0
BRDA:427,31,0,0
BRDA:427,31,1,0
BRDA:457,32,0,56
BRDA:457,32,1,688
BRDA:469,33,0,23
BRDA:469,33,1,13
BRDA:590,34,0,19
BRDA:592,35,0,1
BRDA:592,35,1,18
BRDA:596,36,0,1
BRDA:596,36,1,17
BRDA:600,37,0,0
BRDA:600,37,1,17
BRDA:621,38,0,5
BRDA:621,38,1,12
BRDA:627,39,0,17
BRDA:627,39,1,0
BRDA:647,40,0,0
BRDA:647,40,1,0
BRDA:652,41,0,0
BRDA:652,41,1,0
BRDA:666,42,0,0
BRDA:666,42,1,0
BRDA:668,43,0,0
BRDA:668,43,1,0
BRDA:687,44,0,0
BRDA:687,44,1,0
BRDA:688,45,0,0
BRDA:688,45,1,0
BRDA:693,46,0,0
BRDA:693,46,1,0
BRDA:703,47,0,0
BRDA:703,47,1,0
BRDA:716,48,0,0
BRDA:716,48,1,0
BRDA:741,49,0,0
BRDA:741,49,1,0
BRDA:741,50,0,0
BRDA:741,50,1,0
BRDA:753,51,0,0
BRDA:753,51,1,0
BRDA:768,52,0,0
BRDA:768,52,1,0
BRDA:769,53,0,0
BRDA:769,53,1,0
BRDA:789,54,0,1
BRDA:789,54,1,1
BRDA:820,55,0,1
BRDA:820,55,1,0
BRDA:820,56,0,1
BRDA:820,56,1,1
BRF:113
BRH:30
end_of_record
TN:
SF:js\emergency.js
FN:8,(anonymous_0)
FN:13,init
FN:21,setupSOSButton
FN:47,(anonymous_3)
FN:56,(anonymous_4)
FN:72,(anonymous_5)
FN:90,resetSOSBtn
FN:93,(anonymous_7)
FN:102,triggerSOSEmergency
FN:127,(anonymous_9)
FN:131,(anonymous_10)
FN:133,(anonymous_11)
FN:140,setupLostFoundForm
FN:144,(anonymous_13)
FN:164,(anonymous_14)
FN:168,(anonymous_15)
FN:181,renderContacts
FN:186,(anonymous_17)
FNF:18
FNH:6
FNDA:1,(anonymous_0)
FNDA:1,init
FNDA:1,setupSOSButton
FNDA:0,(anonymous_3)
FNDA:0,(anonymous_4)
FNDA:0,(anonymous_5)
FNDA:0,resetSOSBtn
FNDA:0,(anonymous_7)
FNDA:0,triggerSOSEmergency
FNDA:0,(anonymous_9)
FNDA:0,(anonymous_10)
FNDA:0,(anonymous_11)
FNDA:1,setupLostFoundForm
FNDA:0,(anonymous_13)
FNDA:0,(anonymous_14)
FNDA:0,(anonymous_15)
FNDA:2,renderContacts
FNDA:8,(anonymous_17)
DA:8,1
DA:14,1
DA:15,1
DA:22,1
DA:23,1
DA:26,1
DA:27,1
DA:30,1
DA:31,1
DA:32,1
DA:40,1
DA:41,1
DA:42,1
DA:43,1
DA:44,1
DA:47,1
DA:48,0
DA:49,0
DA:50,0
DA:51,0
DA:52,0
DA:54,0
DA:56,0
DA:57,0
DA:59,0
DA:60,0
DA:61,0
DA:64,0
DA:65,0
DA:66,0
DA:67,0
DA:72,1
DA:73,0
DA:74,0
DA:75,0
DA:76,0
DA:77,0
DA:78,0
DA:82,1
DA:83,1
DA:85,1
DA:86,1
DA:87,1
DA:88,1
DA:91,0
DA:92,0
DA:93,0
DA:94,0
DA:103,0
DA:106,0
DA:107,0
DA:111,0
DA:112,0
DA:116,0
DA:117,0
DA:118,0
DA:125,0
DA:127,0
DA:128,0
DA:131,0
DA:132,0
DA:133,0
DA:141,1
DA:142,1
DA:144,1
DA:145,0
DA:147,0
DA:148,0
DA:150,0
DA:151,0
DA:152,0
DA:156,0
DA:158,0
DA:159,0
DA:160,0
DA:161,0
DA:164,0
DA:165,0
DA:166,0
DA:168,0
DA:169,0
DA:170,0
DA:171,0
DA:182,2
DA:183,2
DA:185,1
DA:186,1
DA:187,8
DA:201,1
DA:203,1
DA:206,1
DA:212,1
LF:92
LH:35
BRDA:23,0,0,0
BRDA:23,0,1,1
BRDA:31,1,0,1
BRDA:31,1,1,0
BRDA:41,2,0,1
BRDA:41,2,1,0
BRDA:49,3,0,0
BRDA:49,3,1,0
BRDA:59,4,0,0
BRDA:59,4,1,0
BRDA:64,5,0,0
BRDA:64,5,1,0
BRDA:77,6,0,0
BRDA:77,6,1,0
BRDA:106,7,0,0
BRDA:106,7,1,0
BRDA:111,8,0,0
BRDA:111,8,1,0
BRDA:142,9,0,0
BRDA:142,9,1,1
BRDA:150,10,0,0
BRDA:150,10,1,0
BRDA:150,11,0,0
BRDA:150,11,1,0
BRDA:183,12,0,1
BRDA:183,12,1,1
BRDA:212,13,0,1
BRDA:212,13,1,0
BRDA:212,14,0,1
BRDA:212,14,1,1
BRF:30
BRH:9
end_of_record
TN:
SF:js\heatmap.js
FN:8,(anonymous_0)
FN:49,initDensities
FN:54,(anonymous_2)
FN:86,updateDensities
FN:87,(anonymous_4)
FN:100,generateHeatPoints
FN:107,(anonymous_6)
FN:130,initCanvas
FN:135,resizeCanvas
FN:152,renderFrame
FN:165,(anonymous_10)
FN:205,(anonymous_11)
FN:235,startSimulation
FN:244,loop
FN:264,stopSimulation
FN:278,getDensityLevel
FN:288,getZoneSummaries
FN:289,(anonymous_17)
FN:302,generatePredictions
FN:307,(anonymous_19)
FN:308,(anonymous_20)
FN:331,(anonymous_21)
FN:358,getAlternateRoute
FN:376,triggerEmergencyAlert
FN:377,(anonymous_24)
FN:394,(anonymous_25)
FN:403,dismissAlert
FNF:27
FNH:9
FNDA:1,(anonymous_0)
FNDA:0,initDensities
FNDA:0,(anonymous_2)
FNDA:0,updateDensities
FNDA:0,(anonymous_4)
FNDA:0,generateHeatPoints
FNDA:0,(anonymous_6)
FNDA:0,initCanvas
FNDA:0,resizeCanvas
FNDA:0,renderFrame
FNDA:0,(anonymous_10)
FNDA:0,(anonymous_11)
FNDA:0,startSimulation
FNDA:0,loop
FNDA:0,stopSimulation
FNDA:25,getDensityLevel
FNDA:2,getZoneSummaries
FNDA:16,(anonymous_17)
FNDA:1,generatePredictions
FNDA:8,(anonymous_19)
FNDA:8,(anonymous_20)
FNDA:8,(anonymous_21)
FNDA:5,getAlternateRoute
FNDA:0,triggerEmergencyAlert
FNDA:0,(anonymous_24)
FNDA:0,(anonymous_25)
FNDA:0,dismissAlert
DA:8,1
DA:10,1
DA:11,1
DA:12,1
DA:13,1
DA:18,1
DA:37,1
DA:40,1
DA:50,0
DA:51,0
DA:52,0
DA:54,0
DA:55,0
DA:58,0
DA:59,0
DA:63,0
DA:64,0
DA:68,0
DA:69,0
DA:73,0
DA:74,0
DA:78,0
DA:79,0
DA:87,0
DA:88,0
DA:90,0
DA:91,0
DA:92,0
DA:93,0
DA:101,0
DA:102,0
DA:103,0
DA:104,0
DA:105,0
DA:107,0
DA:108,0
DA:109,0
DA:111,0
DA:112,0
DA:131,0
DA:132,0
DA:136,0
DA:137,0
DA:138,0
DA:139,0
DA:140,0
DA:143,0
DA:144,0
DA:145,0
DA:146,0
DA:153,0
DA:154,0
DA:155,0
DA:158,0
DA:161,0
DA:162,0
DA:165,0
DA:166,0
DA:170,0
DA:171,0
DA:173,0
DA:174,0
DA:175,0
DA:176,0
DA:177,0
DA:179,0
DA:180,0
DA:181,0
DA:182,0
DA:185,0
DA:186,0
DA:187,0
DA:188,0
DA:191,0
DA:192,0
DA:193,0
DA:195,0
DA:196,0
DA:197,0
DA:198,0
DA:202,0
DA:203,0
DA:205,0
DA:206,0
DA:207,0
DA:208,0
DA:209,0
DA:210,0
DA:211,0
DA:212,0
DA:215,0
DA:216,0
DA:217,0
DA:219,0
DA:220,0
DA:221,0
DA:222,0
DA:226,0
DA:227,0
DA:228,0
DA:229,0
DA:236,0
DA:237,0
DA:239,0
DA:240,0
DA:242,0
DA:245,0
DA:248,0
DA:249,0
DA:250,0
DA:251,0
DA:254,0
DA:255,0
DA:258,0
DA:265,0
DA:266,0
DA:279,25
DA:280,6
DA:281,3
DA:289,16
DA:303,1
DA:304,1
DA:307,8
DA:308,8
DA:310,1
DA:311,0
DA:312,0
DA:320,1
DA:321,0
DA:322,0
DA:331,8
DA:332,1
DA:333,1
DA:334,1
DA:343,1
DA:350,1
DA:359,5
DA:369,5
DA:377,0
DA:378,0
DA:380,0
DA:381,0
DA:383,0
DA:384,0
DA:385,0
DA:387,0
DA:388,0
DA:389,0
DA:392,0
DA:393,0
DA:394,0
DA:395,0
DA:396,0
DA:404,0
DA:405,0
DA:406,0
DA:409,1
DA:423,1
LF:158
LH:28
BRDA:58,0,0,0
BRDA:58,0,1,0
BRDA:58,1,0,0
BRDA:58,1,1,0
BRDA:63,2,0,0
BRDA:63,2,1,0
BRDA:64,3,0,0
BRDA:64,3,1,0
BRDA:68,4,0,0
BRDA:68,4,1,0
BRDA:73,5,0,0
BRDA:73,5,1,0
BRDA:74,6,0,0
BRDA:74,6,1,0
BRDA:88,7,0,0
BRDA:88,7,1,0
BRDA:90,8,0,0
BRDA:90,8,1,0
BRDA:102,9,0,0
BRDA:102,9,1,0
BRDA:103,10,0,0
BRDA:103,10,1,0
BRDA:108,11,0,0
BRDA:108,11,1,0
BRDA:132,12,0,0
BRDA:132,12,1,0
BRDA:137,13,0,0
BRDA:137,13,1,0
BRDA:138,14,0,0
BRDA:138,14,1,0
BRDA:140,15,0,0
BRDA:140,15,1,0
BRDA:140,16,0,0
BRDA:140,16,1,0
BRDA:153,17,0,0
BRDA:153,17,1,0
BRDA:153,18,0,0
BRDA:153,18,1,0
BRDA:154,19,0,0
BRDA:154,19,1,0
BRDA:155,20,0,0
BRDA:155,20,1,0
BRDA:171,21,0,0
BRDA:171,21,1,0
BRDA:177,22,0,0
BRDA:177,22,1,0
BRDA:206,23,0,0
BRDA:206,23,1,0
BRDA:236,24,0,0
BRDA:236,24,1,0
BRDA:245,25,0,0
BRDA:245,25,1,0
BRDA:248,26,0,0
BRDA:248,26,1,0
BRDA:266,27,0,0
BRDA:266,27,1,0
BRDA:279,28,0,19
BRDA:279,28,1,6
BRDA:280,29,0,3
BRDA:280,29,1,3
BRDA:291,30,0,16
BRDA:291,30,1,16
BRDA:292,31,0,16
BRDA:292,31,1,16
BRDA:293,32,0,16
BRDA:293,32,1,16
BRDA:294,33,0,16
BRDA:294,33,1,16
BRDA:310,34,0,0
BRDA:310,34,1,1
BRDA:316,35,0,0
BRDA:316,35,1,0
BRDA:316,36,0,0
BRDA:316,36,1,0
BRDA:320,37,0,0
BRDA:320,37,1,1
BRDA:332,38,0,1
BRDA:332,38,1,0
BRDA:369,39,0,5
BRDA:369,39,1,1
BRDA:378,40,0,0
BRDA:378,40,1,0
BRDA:381,41,0,0
BRDA:381,41,1,0
BRDA:395,42,0,0
BRDA:395,42,1,0
BRDA:396,43,0,0
BRDA:396,43,1,0
BRDA:405,44,0,0
BRDA:405,44,1,0
BRDA:423,45,0,1
BRDA:423,45,1,0
BRDA:423,46,0,1
BRDA:423,46,1,1
BRF:94
BRH:20
end_of_record
TN:
SF:js\i18n.js
FN:9,(anonymous_0)
FN:496,init
FN:513,t
FN:535,setLanguage
FN:548,applyLanguage
FN:559,getLanguages
FN:567,getLang
FN:573,getSpeechLang
FNF:8
FNH:8
FNDA:2,(anonymous_0)
FNDA:26,init
FNDA:6,t
FNDA:16,setLanguage
FNDA:41,applyLanguage
FNDA:9,getLanguages
FNDA:8,getLang
FNDA:5,getSpeechLang
DA:9,2
DA:11,2
DA:25,2
DA:491,2
DA:497,26
DA:498,26
DA:499,1
DA:501,25
DA:502,25
DA:504,26
DA:514,6
DA:515,6
DA:516,6
DA:517,6
DA:518,6
DA:519,11
DA:520,11
DA:522,6
DA:524,3
DA:525,8
DA:526,3
DA:528,3
DA:536,16
DA:537,15
DA:538,15
DA:539,15
DA:540,15
DA:541,15
DA:549,41
DA:550,41
DA:551,41
DA:552,41
DA:560,9
DA:567,8
DA:574,5
DA:577,2
DA:580,2
LF:37
LH:37
BRDA:498,0,0,1
BRDA:498,0,1,25
BRDA:498,1,0,26
BRDA:498,1,1,1
BRDA:502,2,0,25
BRDA:502,2,1,0
BRDA:502,3,0,25
BRDA:502,3,1,25
BRDA:514,4,0,6
BRDA:514,4,1,5
BRDA:515,5,0,6
BRDA:515,5,1,0
BRDA:520,6,0,2
BRDA:520,6,1,9
BRDA:522,7,0,3
BRDA:522,7,1,3
BRDA:522,8,0,6
BRDA:522,8,1,4
BRDA:526,9,0,3
BRDA:526,9,1,1
BRDA:536,10,0,1
BRDA:536,10,1,15
BRDA:550,11,0,0
BRDA:550,11,1,41
BRDA:574,12,0,5
BRDA:574,12,1,0
BRDA:580,13,0,2
BRDA:580,13,1,0
BRDA:580,14,0,2
BRDA:580,14,1,2
BRF:30
BRH:25
end_of_record
TN:
SF:js\knowledge-base.js
FNF:0
FNH:0
DA:7,4
DA:611,4
LF:2
LH:2
BRDA:611,0,0,4
BRDA:611,0,1,0
BRF:2
BRH:1
end_of_record
TN:
SF:js\tickets.js
FN:8,(anonymous_0)
FN:14,renderTicket
FN:108,(anonymous_2)
FN:113,(anonymous_3)
FN:126,renderSchedule
FN:132,(anonymous_5)
FN:179,renderFanZone
FN:185,(anonymous_7)
FN:209,(anonymous_8)
FN:210,(anonymous_9)
FNF:10
FNH:7
FNDA:1,(anonymous_0)
FNDA:1,renderTicket
FNDA:0,(anonymous_2)
FNDA:0,(anonymous_3)
FNDA:1,renderSchedule
FNDA:8,(anonymous_5)
FNDA:1,renderFanZone
FNDA:8,(anonymous_7)
FNDA:8,(anonymous_8)
FNDA:0,(anonymous_9)
DA:8,1
DA:15,1
DA:16,1
DA:19,1
DA:39,1
DA:41,1
DA:106,1
DA:107,1
DA:108,1
DA:110,0
DA:111,0
DA:113,0
DA:114,0
DA:115,0
DA:116,0
DA:127,1
DA:128,1
DA:130,1
DA:132,1
DA:133,8
DA:134,8
DA:136,8
DA:171,1
DA:172,1
DA:180,1
DA:181,1
DA:183,1
DA:185,1
DA:186,8
DA:205,1
DA:206,1
DA:209,1
DA:210,8
DA:212,0
DA:219,1
DA:226,1
LF:36
LH:29
BRDA:16,0,0,0
BRDA:16,0,1,1
BRDA:42,1,0,0
BRDA:42,1,1,1
BRDA:94,2,0,0
BRDA:94,2,1,1
BRDA:107,3,0,1
BRDA:107,3,1,0
BRDA:107,4,0,1
BRDA:107,4,1,1
BRDA:128,5,0,0
BRDA:128,5,1,1
BRDA:137,6,0,0
BRDA:137,6,1,8
BRDA:141,7,0,0
BRDA:141,7,1,8
BRDA:151,8,0,2
BRDA:151,8,1,6
BRDA:151,9,0,8
BRDA:151,9,1,6
BRDA:155,10,0,0
BRDA:155,10,1,8
BRDA:181,11,0,0
BRDA:181,11,1,1
BRDA:195,12,0,5
BRDA:195,12,1,3
BRDA:226,13,0,1
BRDA:226,13,1,0
BRDA:226,14,0,1
BRDA:226,14,1,1
BRF:30
BRH:20
end_of_record
TN:
SF:js\utils.js
FN:8,(anonymous_0)
FN:19,escapeHtml
FN:22,(anonymous_2)
FN:31,sanitize
FN:41,isSafeInput
FN:57,formatDate
FN:71,formatTime
FN:86,getCurrentTime
FN:95,formatNumber
FN:105,getCountdown
FN:128,el
FN:138,qs
FN:148,qsa
FN:157,setText
FN:168,setHTML
FN:184,on
FN:197,animateCounter
FN:200,(anonymous_17)
FN:220,debounce
FN:222,(anonymous_19)
FN:224,(anonymous_20)
FN:234,throttle
FN:236,(anonymous_22)
FN:240,(anonymous_23)
FN:255,getStorage
FN:270,setStorage
FN:284,removeStorage
FN:296,getLocation
FN:297,(anonymous_28)
FN:303,(anonymous_29)
FN:304,(anonymous_30)
FN:320,randInt
FN:329,randFloat
FN:338,randItem
FN:347,uid
FN:360,announce
FN:373,(anonymous_36)
FN:383,trapFocus
FN:390,handler
FN:401,(anonymous_39)
FNF:40
FNH:14
FNDA:6,(anonymous_0)
FNDA:2,escapeHtml
FNDA:11,(anonymous_2)
FNDA:1,sanitize
FNDA:23,isSafeInput
FNDA:11,formatDate
FNDA:11,formatTime
FNDA:0,getCurrentTime
FNDA:1,formatNumber
FNDA:0,getCountdown
FNDA:8,el
FNDA:0,qs
FNDA:0,qsa
FNDA:0,setText
FNDA:0,setHTML
FNDA:0,on
FNDA:0,animateCounter
FNDA:0,(anonymous_17)
FNDA:0,debounce
FNDA:0,(anonymous_19)
FNDA:0,(anonymous_20)
FNDA:0,throttle
FNDA:0,(anonymous_22)
FNDA:0,(anonymous_23)
FNDA:44,getStorage
FNDA:15,setStorage
FNDA:0,removeStorage
FNDA:0,getLocation
FNDA:0,(anonymous_28)
FNDA:0,(anonymous_29)
FNDA:0,(anonymous_30)
FNDA:1,randInt
FNDA:0,randFloat
FNDA:2,randItem
FNDA:0,uid
FNDA:15,announce
FNDA:0,(anonymous_36)
FNDA:0,trapFocus
FNDA:0,handler
FNDA:0,(anonymous_39)
DA:8,6
DA:20,2
DA:21,2
DA:22,11
DA:32,1
DA:33,1
DA:42,23
DA:43,23
DA:44,23
DA:58,11
DA:59,11
DA:60,11
DA:62,0
DA:72,11
DA:73,11
DA:74,11
DA:75,11
DA:76,11
DA:78,0
DA:87,0
DA:96,1
DA:106,0
DA:107,0
DA:108,0
DA:110,0
DA:112,0
DA:113,0
DA:114,0
DA:115,0
DA:116,0
DA:129,8
DA:139,0
DA:149,0
DA:158,0
DA:159,0
DA:169,0
DA:170,0
DA:171,0
DA:174,0
DA:185,0
DA:186,0
DA:187,0
DA:188,0
DA:198,0
DA:199,0
DA:200,0
DA:201,0
DA:202,0
DA:203,0
DA:204,0
DA:205,0
DA:207,0
DA:222,0
DA:223,0
DA:224,0
DA:236,0
DA:237,0
DA:238,0
DA:239,0
DA:240,0
DA:256,44
DA:257,44
DA:258,27
DA:260,17
DA:271,15
DA:272,15
DA:273,15
DA:275,0
DA:276,0
DA:285,0
DA:297,0
DA:298,0
DA:299,0
DA:300,0
DA:302,0
DA:303,0
DA:304,0
DA:321,1
DA:330,0
DA:339,2
DA:348,0
DA:361,15
DA:362,15
DA:363,1
DA:364,1
DA:365,1
DA:366,1
DA:367,1
DA:368,1
DA:370,15
DA:372,15
DA:373,15
DA:374,0
DA:384,0
DA:387,0
DA:388,0
DA:391,0
DA:392,0
DA:393,0
DA:395,0
DA:399,0
DA:400,0
DA:401,0
DA:407,6
DA:438,6
LF:105
LH:41
BRDA:20,0,0,0
BRDA:20,0,1,2
BRDA:31,1,0,1
BRDA:32,2,0,0
BRDA:32,2,1,1
BRDA:42,3,0,0
BRDA:42,3,1,23
BRDA:57,4,0,11
BRDA:74,5,0,11
BRDA:74,5,1,0
BRDA:110,6,0,0
BRDA:110,6,1,0
BRDA:138,7,0,0
BRDA:148,8,0,0
BRDA:159,9,0,0
BRDA:159,9,1,0
BRDA:169,10,0,0
BRDA:169,10,1,0
BRDA:170,11,0,0
BRDA:170,11,1,0
BRDA:171,12,0,0
BRDA:171,12,1,0
BRDA:184,13,0,0
BRDA:185,14,0,0
BRDA:185,14,1,0
BRDA:186,15,0,0
BRDA:186,15,1,0
BRDA:197,16,0,0
BRDA:198,17,0,0
BRDA:198,17,1,0
BRDA:205,18,0,0
BRDA:205,18,1,0
BRDA:237,19,0,0
BRDA:237,19,1,0
BRDA:255,20,0,0
BRDA:258,21,0,1
BRDA:258,21,1,26
BRDA:298,22,0,0
BRDA:298,22,1,0
BRDA:329,23,0,0
BRDA:347,24,0,0
BRDA:360,25,0,15
BRDA:362,26,0,1
BRDA:362,26,1,14
BRDA:391,27,0,0
BRDA:391,27,1,0
BRDA:392,28,0,0
BRDA:392,28,1,0
BRDA:393,29,0,0
BRDA:393,29,1,0
BRDA:395,30,0,0
BRDA:395,30,1,0
BRDA:400,31,0,0
BRDA:400,31,1,0
BRDA:438,32,0,6
BRDA:438,32,1,0
BRDA:438,33,0,6
BRDA:438,33,1,6
BRF:58
BRH:14
end_of_record
TN:
SF:js\wayfinding.js
FN:9,(anonymous_0)
FN:53,getSectionCoords
FN:88,nearestWaypoint
FN:103,buildPath
FN:134,pathDistance
FN:153,generateDirections
FN:204,getRelativeDir
FN:209,findNearestGate
FN:210,(anonymous_8)
FN:213,(anonymous_9)
FN:226,renderMap
FN:341,renderFacilityMarkers
FN:346,(anonymous_12)
FN:376,(anonymous_13)
FN:377,(anonymous_14)
FN:383,getFacilityColor
FN:402,drawRoute
FN:410,(anonymous_17)
FN:423,(anonymous_18)
FN:433,(anonymous_19)
FN:487,clearRoute
FN:505,navigateTo
FN:538,navigateToSeat
FN:571,findNearest
FN:574,(anonymous_24)
FN:577,(anonymous_25)
FN:587,searchFacilities
FN:589,(anonymous_27)
FN:598,setUserPosition
FN:606,getFacilities
FN:612,nextStep
FN:621,prevStep
FNF:32
FNH:0
FNDA:0,(anonymous_0)
FNDA:0,getSectionCoords
FNDA:0,nearestWaypoint
FNDA:0,buildPath
FNDA:0,pathDistance
FNDA:0,generateDirections
FNDA:0,getRelativeDir
FNDA:0,findNearestGate
FNDA:0,(anonymous_8)
FNDA:0,(anonymous_9)
FNDA:0,renderMap
FNDA:0,renderFacilityMarkers
FNDA:0,(anonymous_12)
FNDA:0,(anonymous_13)
FNDA:0,(anonymous_14)
FNDA:0,getFacilityColor
FNDA:0,drawRoute
FNDA:0,(anonymous_17)
FNDA:0,(anonymous_18)
FNDA:0,(anonymous_19)
FNDA:0,clearRoute
FNDA:0,navigateTo
FNDA:0,navigateToSeat
FNDA:0,findNearest
FNDA:0,(anonymous_24)
FNDA:0,(anonymous_25)
FNDA:0,searchFacilities
FNDA:0,(anonymous_27)
FNDA:0,setUserPosition
FNDA:0,getFacilities
FNDA:0,nextStep
FNDA:0,prevStep
DA:9,0
DA:11,0
DA:12,0
DA:13,0
DA:14,0
DA:19,0
DA:54,0
DA:55,0
DA:58,0
DA:59,0
DA:60,0
DA:61,0
DA:62,0
DA:63,0
DA:64,0
DA:72,0
DA:89,0
DA:90,0
DA:91,0
DA:92,0
DA:94,0
DA:104,0
DA:105,0
DA:107,0
DA:108,0
DA:110,0
DA:111,0
DA:112,0
DA:113,0
DA:114,0
DA:116,0
DA:118,0
DA:119,0
DA:120,0
DA:121,0
DA:123,0
DA:125,0
DA:126,0
DA:135,0
DA:136,0
DA:137,0
DA:139,0
DA:154,0
DA:155,0
DA:158,0
DA:159,0
DA:162,0
DA:163,0
DA:164,0
DA:166,0
DA:170,0
DA:172,0
DA:177,0
DA:178,0
DA:182,0
DA:183,0
DA:187,0
DA:188,0
DA:191,0
DA:193,0
DA:194,0
DA:195,0
DA:197,0
DA:198,0
DA:201,0
DA:205,0
DA:206,0
DA:210,0
DA:213,0
DA:214,0
DA:227,0
DA:228,0
DA:230,0
DA:231,0
DA:232,0
DA:233,0
DA:234,0
DA:235,0
DA:236,0
DA:238,0
DA:330,0
DA:331,0
DA:332,0
DA:335,0
DA:342,0
DA:343,0
DA:344,0
DA:346,0
DA:347,0
DA:348,0
DA:349,0
DA:350,0
DA:351,0
DA:352,0
DA:353,0
DA:355,0
DA:356,0
DA:357,0
DA:358,0
DA:359,0
DA:360,0
DA:362,0
DA:363,0
DA:364,0
DA:365,0
DA:366,0
DA:368,0
DA:369,0
DA:372,0
DA:373,0
DA:374,0
DA:376,0
DA:377,0
DA:379,0
DA:384,0
DA:390,0
DA:403,0
DA:404,0
DA:405,0
DA:407,0
DA:410,0
DA:412,0
DA:413,0
DA:414,0
DA:415,0
DA:416,0
DA:417,0
DA:418,0
DA:419,0
DA:420,0
DA:423,0
DA:424,0
DA:426,0
DA:427,0
DA:428,0
DA:430,0
DA:433,0
DA:434,0
DA:435,0
DA:436,0
DA:437,0
DA:438,0
DA:439,0
DA:440,0
DA:444,0
DA:445,0
DA:447,0
DA:448,0
DA:449,0
DA:450,0
DA:451,0
DA:452,0
DA:453,0
DA:455,0
DA:456,0
DA:457,0
DA:458,0
DA:460,0
DA:461,0
DA:462,0
DA:465,0
DA:466,0
DA:467,0
DA:469,0
DA:470,0
DA:471,0
DA:473,0
DA:474,0
DA:475,0
DA:476,0
DA:477,0
DA:479,0
DA:480,0
DA:481,0
DA:488,0
DA:489,0
DA:490,0
DA:491,0
DA:506,0
DA:507,0
DA:508,0
DA:509,0
DA:513,0
DA:515,0
DA:516,0
DA:518,0
DA:520,0
DA:521,0
DA:523,0
DA:526,0
DA:528,0
DA:539,0
DA:542,0
DA:552,0
DA:553,0
DA:554,0
DA:556,0
DA:558,0
DA:559,0
DA:561,0
DA:562,0
DA:572,0
DA:574,0
DA:575,0
DA:577,0
DA:578,0
DA:588,0
DA:589,0
DA:590,0
DA:599,0
DA:606,0
DA:613,0
DA:614,0
DA:615,0
DA:622,0
DA:623,0
DA:624,0
DA:627,0
LF:218
LH:0
BRDA:55,0,0,0
BRDA:55,0,1,0
BRDA:58,1,0,0
BRDA:58,1,1,0
BRDA:58,2,0,0
BRDA:58,2,1,0
BRDA:59,3,0,0
BRDA:59,3,1,0
BRDA:59,4,0,0
BRDA:59,4,1,0
BRDA:60,5,0,0
BRDA:60,5,1,0
BRDA:60,6,0,0
BRDA:60,6,1,0
BRDA:61,7,0,0
BRDA:61,7,1,0
BRDA:61,8,0,0
BRDA:61,8,1,0
BRDA:62,9,0,0
BRDA:62,9,1,0
BRDA:62,10,0,0
BRDA:62,10,1,0
BRDA:63,11,0,0
BRDA:63,11,1,0
BRDA:63,12,0,0
BRDA:63,12,1,0
BRDA:92,13,0,0
BRDA:92,13,1,0
BRDA:125,14,0,0
BRDA:125,14,1,0
BRDA:153,15,0,0
BRDA:166,16,0,0
BRDA:166,16,1,0
BRDA:166,17,0,0
BRDA:166,17,1,0
BRDA:167,18,0,0
BRDA:167,18,1,0
BRDA:167,19,0,0
BRDA:167,19,1,0
BRDA:168,20,0,0
BRDA:168,20,1,0
BRDA:168,21,0,0
BRDA:168,21,1,0
BRDA:177,22,0,0
BRDA:177,22,1,0
BRDA:182,23,0,0
BRDA:182,23,1,0
BRDA:187,24,0,0
BRDA:187,24,1,0
BRDA:191,25,0,0
BRDA:191,25,1,0
BRDA:191,26,0,0
BRDA:191,26,1,0
BRDA:197,27,0,0
BRDA:197,27,1,0
BRDA:205,28,0,0
BRDA:205,28,1,0
BRDA:205,29,0,0
BRDA:205,29,1,0
BRDA:206,30,0,0
BRDA:206,30,1,0
BRDA:228,31,0,0
BRDA:228,31,1,0
BRDA:343,32,0,0
BRDA:343,32,1,0
BRDA:377,33,0,0
BRDA:377,33,1,0
BRDA:377,34,0,0
BRDA:377,34,1,0
BRDA:390,35,0,0
BRDA:390,35,1,0
BRDA:404,36,0,0
BRDA:404,36,1,0
BRDA:407,37,0,0
BRDA:407,37,1,0
BRDA:424,38,0,0
BRDA:424,38,1,0
BRDA:489,39,0,0
BRDA:489,39,1,0
BRDA:505,40,0,0
BRDA:507,41,0,0
BRDA:507,41,1,0
BRDA:538,42,0,0
BRDA:544,43,0,0
BRDA:544,43,1,0
BRDA:544,44,0,0
BRDA:544,44,1,0
BRDA:572,45,0,0
BRDA:572,45,1,0
BRDA:575,46,0,0
BRDA:575,46,1,0
BRDA:590,47,0,0
BRDA:590,47,1,0
BRDA:590,47,2,0
BRDA:613,48,0,0
BRDA:613,48,1,0
BRDA:614,49,0,0
BRDA:614,49,1,0
BRDA:622,50,0,0
BRDA:622,50,1,0
BRDA:622,51,0,0
BRDA:622,51,1,0
BRF:102
BRH:0
end_of_record
